Decision Tree regression: 
	 Cross Validation mean squared errors:  2500.00786507, 2563.98151848, 2336.76519101, 2290.93755326, 2423.40787118
	 Variance score: 0.04
	 Mean squared error on test set: 2485.64
	 Tree depth:  1

Decision Tree regression: 
	 Cross Validation mean squared errors:  2492.39860532, 2507.42950719, 2250.21237856, 2241.47279467, 2416.60132414
	 Variance score: 0.06
	 Mean squared error on test set: 2456.07
	 Tree depth:  2

Decision Tree regression: 
	 Cross Validation mean squared errors:  2515.00889073, 2534.80825194, 2400.59146768, 2458.28439051, 2370.88208585
	 Variance score: 0.05
	 Mean squared error on test set: 2465.13
	 Tree depth:  3

Decision Tree regression: 
	 Cross Validation mean squared errors:  2503.4527105, 2471.14750366, 2499.06931004, 2485.95819879, 2341.27781951
	 Variance score: 0.05
	 Mean squared error on test set: 2469.69
	 Tree depth:  4

Decision Tree regression: 
	 Cross Validation mean squared errors:  2945.89994145, 2463.89671811, 2492.57449302, 2640.31390808, 2344.52432762
	 Variance score: 0.02
	 Mean squared error on test set: 2545.95
	 Tree depth:  5

Decision Tree regression: 
	 Cross Validation mean squared errors:  3354.38223695, 2638.84290057, 2602.78854845, 2867.21188561, 2512.80446147
	 Variance score: 0.01
	 Mean squared error on test set: 2579.02
	 Tree depth:  6

Decision Tree regression: 
	 Cross Validation mean squared errors:  3532.07282284, 2779.53816426, 2810.23040273, 2727.77541814, 2684.83588657
	 Variance score: -0.08
	 Mean squared error on test set: 2806.55
	 Tree depth:  7

Decision Tree regression: 
	 Cross Validation mean squared errors:  3719.69849868, 3209.81669686, 2998.52441097, 2905.54776227, 2793.76739983
	 Variance score: -0.18
	 Mean squared error on test set: 3067.05
	 Tree depth:  8

Decision Tree regression: 
	 Cross Validation mean squared errors:  3696.21298673, 3169.41911367, 3153.38347388, 3144.21198316, 3090.87754169
	 Variance score: -0.26
	 Mean squared error on test set: 3275.95
	 Tree depth:  9

Decision Tree regression: 
	 Cross Validation mean squared errors:  3909.65506629, 3426.84338615, 3612.24908354, 3197.16706172, 3263.85904386
	 Variance score: -0.28
	 Mean squared error on test set: 3337.13
	 Tree depth:  10

Decision Tree regression: 
	 Cross Validation mean squared errors:  4507.05002342, 3658.08337101, 3942.26498175, 3456.59267446, 3319.5235207
	 Variance score: -0.42
	 Mean squared error on test set: 3681.44
	 Tree depth:  11

Decision Tree regression: 
	 Cross Validation mean squared errors:  4884.46738803, 3710.50805448, 4059.22277014, 3577.52637886, 3441.04065852
	 Variance score: -0.53
	 Mean squared error on test set: 3981.89
	 Tree depth:  12

Decision Tree regression: 
	 Cross Validation mean squared errors:  4483.48246984, 3950.29842869, 4452.93958529, 3609.51733692, 3549.64770232
	 Variance score: -0.61
	 Mean squared error on test set: 4177.39
	 Tree depth:  13

Decision Tree regression: 
	 Cross Validation mean squared errors:  4796.95317167, 4009.17648456, 4621.26037876, 3790.26100923, 3938.34329927
	 Variance score: -0.57
	 Mean squared error on test set: 4093.26
	 Tree depth:  14

Decision Tree regression: 
	 Cross Validation mean squared errors:  5353.57163148, 4155.75060143, 5121.31912907, 4483.34447884, 3846.21566741
	 Variance score: -0.66
	 Mean squared error on test set: 4306.51
	 Tree depth:  15

Decision Tree regression: 
	 Cross Validation mean squared errors:  5401.48856024, 4217.73042511, 4904.56545885, 4196.55287742, 3967.15155593
	 Variance score: -0.73
	 Mean squared error on test set: 4506.04
	 Tree depth:  16

Decision Tree regression: 
	 Cross Validation mean squared errors:  5119.03758782, 4429.64038017, 5138.50110565, 4477.38098277, 3794.51882653
	 Variance score: -0.72
	 Mean squared error on test set: 4474.38
	 Tree depth:  17

Decision Tree regression: 
	 Cross Validation mean squared errors:  5766.41317689, 4489.62108164, 5147.43426958, 4234.43748415, 4094.76559854
	 Variance score: -0.81
	 Mean squared error on test set: 4698.22
	 Tree depth:  18

Decision Tree regression: 
	 Cross Validation mean squared errors:  5699.94375779, 4582.22327787, 5108.5673367, 4342.21146218, 4232.65780882
	 Variance score: -0.73
	 Mean squared error on test set: 4499.16
	 Tree depth:  19

