Linear regression: 
	 Cross Validation mean squared errors:  2492.24887688, 2602.30223452, 2214.08576003, 2215.58897186, 2347.53863819
	 Coefficients:  [ -0.95420619  14.80689873  -0.38543501  -2.30658142]
	 Variance score: 0.08
	 Mean squared error on test set: 2389.42

Ridge regression: 
	 Cross Validation mean squared errors:  2492.22103423, 2602.29593757, 2214.09885461, 2215.57624841, 2347.53187336
	 Coefficients:  [ -0.95473015  14.80111981  -0.38333129  -2.30576037]
	 Variance score: 0.08
	 Mean squared error on test set: 2389.43

Lasso regression: 
	 Cross Validation mean squared errors:  2486.83184595, 2605.13417244, 2220.96719271, 2201.02067238, 2340.88195581
	 Coefficients:  [ -0.24175719  13.73590201  -0.          -1.44749338]
	 Variance score: 0.08
	 Mean squared error on test set: 2397.79

Elastic Net regression: 
	 Cross Validation mean squared errors:  2491.21644649, 2632.58332369, 2252.55867886, 2251.25761664, 2358.41947134
	 Coefficients:  [-0.87417064  9.28652698  0.64603696 -1.19317096]
	 Variance score: 0.07
	 Mean squared error on test set: 2417.76

