Random Forest regression: 
	 Cross Validation mean squared errors:  2478.16032036, 2552.68814842, 2350.18221377, 2258.80597094, 2513.21733303
	 Variance score: 0.04
	 Mean squared error on test set: 2495.60
	 Bootstrap?:  True
	 Max depth:  1
	 Number of estimators:  1

Random Forest regression: 
	 Cross Validation mean squared errors:  2477.76158805, 2581.93868476, 2272.8586488, 2230.53109433, 2435.18426323
	 Variance score: 0.04
	 Mean squared error on test set: 2487.13
	 Bootstrap?:  True
	 Max depth:  1
	 Number of estimators:  2

Random Forest regression: 
	 Cross Validation mean squared errors:  2496.52615029, 2559.27956707, 2299.94684726, 2238.84492306, 2373.30715705
	 Variance score: 0.05
	 Mean squared error on test set: 2459.12
	 Bootstrap?:  True
	 Max depth:  1
	 Number of estimators:  3

Random Forest regression: 
	 Cross Validation mean squared errors:  2448.72210973, 2544.889258, 2332.0134621, 2235.56155076, 2468.38706982
	 Variance score: 0.05
	 Mean squared error on test set: 2462.75
	 Bootstrap?:  True
	 Max depth:  1
	 Number of estimators:  4

Random Forest regression: 
	 Cross Validation mean squared errors:  2495.88327003, 2546.64866258, 2316.5389729, 2248.62305843, 2481.47267701
	 Variance score: 0.05
	 Mean squared error on test set: 2459.25
	 Bootstrap?:  True
	 Max depth:  1
	 Number of estimators:  5

Random Forest regression: 
	 Cross Validation mean squared errors:  2465.77961152, 2558.26329122, 2270.33289996, 2239.07869786, 2398.49019974
	 Variance score: 0.06
	 Mean squared error on test set: 2446.46
	 Bootstrap?:  True
	 Max depth:  1
	 Number of estimators:  6

Random Forest regression: 
	 Cross Validation mean squared errors:  2500.84796365, 2557.3698002, 2316.57971087, 2267.89457136, 2426.86180893
	 Variance score: 0.05
	 Mean squared error on test set: 2471.92
	 Bootstrap?:  True
	 Max depth:  1
	 Number of estimators:  7

Random Forest regression: 
	 Cross Validation mean squared errors:  2476.18433394, 2559.17794948, 2311.67407249, 2243.1263931, 2400.32100958
	 Variance score: 0.05
	 Mean squared error on test set: 2462.57
	 Bootstrap?:  True
	 Max depth:  1
	 Number of estimators:  8

Random Forest regression: 
	 Cross Validation mean squared errors:  2482.18570807, 2541.84487404, 2308.0623023, 2246.65813827, 2407.61329355
	 Variance score: 0.06
	 Mean squared error on test set: 2451.20
	 Bootstrap?:  True
	 Max depth:  1
	 Number of estimators:  9

Random Forest regression: 
	 Cross Validation mean squared errors:  2470.67282653, 2539.16970897, 2273.89086596, 2250.91994643, 2412.48671513
	 Variance score: 0.06
	 Mean squared error on test set: 2441.77
	 Bootstrap?:  True
	 Max depth:  1
	 Number of estimators:  10

Random Forest regression: 
	 Cross Validation mean squared errors:  2455.1949062, 2548.18650855, 2298.82450771, 2230.6607763, 2399.53326541
	 Variance score: 0.06
	 Mean squared error on test set: 2452.15
	 Bootstrap?:  True
	 Max depth:  1
	 Number of estimators:  11

Random Forest regression: 
	 Cross Validation mean squared errors:  2474.61119221, 2545.17872634, 2295.78411413, 2243.9739716, 2419.38490173
	 Variance score: 0.05
	 Mean squared error on test set: 2467.60
	 Bootstrap?:  True
	 Max depth:  1
	 Number of estimators:  12

Random Forest regression: 
	 Cross Validation mean squared errors:  2465.72455569, 2533.47364298, 2295.9416575, 2238.73877365, 2408.37653332
	 Variance score: 0.06
	 Mean squared error on test set: 2449.02
	 Bootstrap?:  True
	 Max depth:  1
	 Number of estimators:  13

Random Forest regression: 
	 Cross Validation mean squared errors:  2472.97932804, 2555.32646195, 2287.99066327, 2249.03193452, 2402.04495696
	 Variance score: 0.05
	 Mean squared error on test set: 2468.70
	 Bootstrap?:  True
	 Max depth:  1
	 Number of estimators:  14

Random Forest regression: 
	 Cross Validation mean squared errors:  2482.46357783, 2541.44928772, 2280.93328054, 2234.92367882, 2427.29432691
	 Variance score: 0.06
	 Mean squared error on test set: 2454.17
	 Bootstrap?:  True
	 Max depth:  1
	 Number of estimators:  15

Random Forest regression: 
	 Cross Validation mean squared errors:  2466.34111692, 2526.65968063, 2263.87039441, 2243.47729683, 2398.36697302
	 Variance score: 0.06
	 Mean squared error on test set: 2446.32
	 Bootstrap?:  True
	 Max depth:  1
	 Number of estimators:  16

Random Forest regression: 
	 Cross Validation mean squared errors:  2458.48511387, 2543.89703209, 2288.0441077, 2237.26148331, 2398.85152727
	 Variance score: 0.06
	 Mean squared error on test set: 2451.17
	 Bootstrap?:  True
	 Max depth:  1
	 Number of estimators:  17

Random Forest regression: 
	 Cross Validation mean squared errors:  2478.14244378, 2547.09702244, 2300.55829999, 2240.31850262, 2417.56969081
	 Variance score: 0.06
	 Mean squared error on test set: 2453.69
	 Bootstrap?:  True
	 Max depth:  1
	 Number of estimators:  18

Random Forest regression: 
	 Cross Validation mean squared errors:  2459.85839513, 2529.25794855, 2295.35951826, 2230.62634524, 2412.69531721
	 Variance score: 0.06
	 Mean squared error on test set: 2447.55
	 Bootstrap?:  True
	 Max depth:  1
	 Number of estimators:  19

Random Forest regression: 
	 Cross Validation mean squared errors:  2458.79240308, 2552.40856171, 2286.49267044, 2233.34368409, 2398.95444278
	 Variance score: 0.06
	 Mean squared error on test set: 2449.81
	 Bootstrap?:  True
	 Max depth:  1
	 Number of estimators:  20

Random Forest regression: 
	 Cross Validation mean squared errors:  2474.64926507, 2551.32233229, 2294.11767826, 2239.8313138, 2404.76827309
	 Variance score: 0.06
	 Mean squared error on test set: 2446.21
	 Bootstrap?:  True
	 Max depth:  1
	 Number of estimators:  21

Random Forest regression: 
	 Cross Validation mean squared errors:  2463.25851218, 2552.24757093, 2298.49148877, 2242.94485863, 2409.03438276
	 Variance score: 0.05
	 Mean squared error on test set: 2460.12
	 Bootstrap?:  True
	 Max depth:  1
	 Number of estimators:  22

Random Forest regression: 
	 Cross Validation mean squared errors:  2465.49218782, 2540.55336655, 2287.76454108, 2239.5742581, 2421.01771432
	 Variance score: 0.06
	 Mean squared error on test set: 2453.93
	 Bootstrap?:  True
	 Max depth:  1
	 Number of estimators:  23

Random Forest regression: 
	 Cross Validation mean squared errors:  2522.26789541, 2533.25893332, 2311.658686, 2584.54227528, 2449.80214221
	 Variance score: 0.02
	 Mean squared error on test set: 2537.69
	 Bootstrap?:  True
	 Max depth:  2
	 Number of estimators:  1

Random Forest regression: 
	 Cross Validation mean squared errors:  2465.73390086, 2526.6301915, 2263.81379491, 2160.90600437, 2385.07261745
	 Variance score: 0.07
	 Mean squared error on test set: 2430.52
	 Bootstrap?:  True
	 Max depth:  2
	 Number of estimators:  2

Random Forest regression: 
	 Cross Validation mean squared errors:  2465.38752519, 2539.5379141, 2297.86371313, 2310.5763461, 2407.81401703
	 Variance score: 0.06
	 Mean squared error on test set: 2450.66
	 Bootstrap?:  True
	 Max depth:  2
	 Number of estimators:  3

Random Forest regression: 
	 Cross Validation mean squared errors:  2484.9001751, 2510.60955883, 2265.87273803, 2193.88321311, 2406.67127141
	 Variance score: 0.07
	 Mean squared error on test set: 2429.80
	 Bootstrap?:  True
	 Max depth:  2
	 Number of estimators:  4

Random Forest regression: 
	 Cross Validation mean squared errors:  2480.05311969, 2453.12373362, 2289.89343807, 2210.26365052, 2339.41383363
	 Variance score: 0.07
	 Mean squared error on test set: 2422.67
	 Bootstrap?:  True
	 Max depth:  2
	 Number of estimators:  5

Random Forest regression: 
	 Cross Validation mean squared errors:  2491.77796233, 2503.97091008, 2268.20389854, 2203.24288303, 2414.74478112
	 Variance score: 0.07
	 Mean squared error on test set: 2423.88
	 Bootstrap?:  True
	 Max depth:  2
	 Number of estimators:  6

Random Forest regression: 
	 Cross Validation mean squared errors:  2500.39026071, 2479.35283059, 2279.82366341, 2267.05846113, 2369.95715732
	 Variance score: 0.07
	 Mean squared error on test set: 2421.91
	 Bootstrap?:  True
	 Max depth:  2
	 Number of estimators:  7

Random Forest regression: 
	 Cross Validation mean squared errors:  2459.21863473, 2443.38742706, 2241.78004461, 2223.15322294, 2359.1218108
	 Variance score: 0.07
	 Mean squared error on test set: 2417.34
	 Bootstrap?:  True
	 Max depth:  2
	 Number of estimators:  8

Random Forest regression: 
	 Cross Validation mean squared errors:  2482.02760471, 2511.08401833, 2290.55316071, 2230.11239623, 2384.31807068
	 Variance score: 0.07
	 Mean squared error on test set: 2428.04
	 Bootstrap?:  True
	 Max depth:  2
	 Number of estimators:  9

Random Forest regression: 
	 Cross Validation mean squared errors:  2462.92960503, 2495.96815115, 2245.79773175, 2258.72178686, 2377.19887744
	 Variance score: 0.07
	 Mean squared error on test set: 2409.84
	 Bootstrap?:  True
	 Max depth:  2
	 Number of estimators:  10

Random Forest regression: 
	 Cross Validation mean squared errors:  2472.47308326, 2461.27498069, 2249.68341159, 2262.28442261, 2361.33231698
	 Variance score: 0.07
	 Mean squared error on test set: 2424.83
	 Bootstrap?:  True
	 Max depth:  2
	 Number of estimators:  11

Random Forest regression: 
	 Cross Validation mean squared errors:  2463.84246472, 2491.67839622, 2224.89896945, 2198.34474092, 2385.88148137
	 Variance score: 0.07
	 Mean squared error on test set: 2425.75
	 Bootstrap?:  True
	 Max depth:  2
	 Number of estimators:  12

Random Forest regression: 
	 Cross Validation mean squared errors:  2473.66289131, 2513.42874061, 2231.18836038, 2198.25085183, 2398.48480286
	 Variance score: 0.07
	 Mean squared error on test set: 2421.70
	 Bootstrap?:  True
	 Max depth:  2
	 Number of estimators:  13

Random Forest regression: 
	 Cross Validation mean squared errors:  2472.35823036, 2494.64162034, 2256.81819385, 2225.17794061, 2404.55689261
	 Variance score: 0.07
	 Mean squared error on test set: 2414.32
	 Bootstrap?:  True
	 Max depth:  2
	 Number of estimators:  14

Random Forest regression: 
	 Cross Validation mean squared errors:  2464.70340614, 2492.38927464, 2244.62539486, 2212.02573034, 2386.61914072
	 Variance score: 0.07
	 Mean squared error on test set: 2427.37
	 Bootstrap?:  True
	 Max depth:  2
	 Number of estimators:  15

Random Forest regression: 
	 Cross Validation mean squared errors:  2471.25439853, 2491.26439173, 2245.65065536, 2184.97717575, 2397.06823626
	 Variance score: 0.07
	 Mean squared error on test set: 2420.53
	 Bootstrap?:  True
	 Max depth:  2
	 Number of estimators:  16

Random Forest regression: 
	 Cross Validation mean squared errors:  2470.93104421, 2505.0247341, 2253.17509023, 2205.12604637, 2373.17061405
	 Variance score: 0.07
	 Mean squared error on test set: 2419.51
	 Bootstrap?:  True
	 Max depth:  2
	 Number of estimators:  17

Random Forest regression: 
	 Cross Validation mean squared errors:  2474.31416139, 2489.41089323, 2217.07703363, 2205.30870073, 2364.87551508
	 Variance score: 0.07
	 Mean squared error on test set: 2423.51
	 Bootstrap?:  True
	 Max depth:  2
	 Number of estimators:  18

Random Forest regression: 
	 Cross Validation mean squared errors:  2458.32249167, 2493.72540478, 2228.47849386, 2225.70105905, 2382.24340438
	 Variance score: 0.07
	 Mean squared error on test set: 2421.21
	 Bootstrap?:  True
	 Max depth:  2
	 Number of estimators:  19

Random Forest regression: 
	 Cross Validation mean squared errors:  2458.34810302, 2494.28533613, 2250.49969988, 2209.64153367, 2376.77083335
	 Variance score: 0.07
	 Mean squared error on test set: 2423.35
	 Bootstrap?:  True
	 Max depth:  2
	 Number of estimators:  20

Random Forest regression: 
	 Cross Validation mean squared errors:  2487.61516699, 2467.74704418, 2244.91975488, 2235.96103686, 2387.66285714
	 Variance score: 0.07
	 Mean squared error on test set: 2413.63
	 Bootstrap?:  True
	 Max depth:  2
	 Number of estimators:  21

Random Forest regression: 
	 Cross Validation mean squared errors:  2455.26416721, 2486.99756591, 2255.15951691, 2224.15823984, 2395.69801791
	 Variance score: 0.07
	 Mean squared error on test set: 2415.95
	 Bootstrap?:  True
	 Max depth:  2
	 Number of estimators:  22

Random Forest regression: 
	 Cross Validation mean squared errors:  2479.16488827, 2497.64503836, 2246.29431427, 2217.27154721, 2377.31305749
	 Variance score: 0.07
	 Mean squared error on test set: 2418.72
	 Bootstrap?:  True
	 Max depth:  2
	 Number of estimators:  23

Random Forest regression: 
	 Cross Validation mean squared errors:  2495.88445466, 2780.91546804, 2364.31629548, 2491.04323929, 2516.62132041
	 Variance score: 0.05
	 Mean squared error on test set: 2462.95
	 Bootstrap?:  True
	 Max depth:  3
	 Number of estimators:  1

Random Forest regression: 
	 Cross Validation mean squared errors:  2448.08018605, 2508.3734866, 2251.46016584, 2302.85185174, 2428.3077872
	 Variance score: 0.06
	 Mean squared error on test set: 2442.69
	 Bootstrap?:  True
	 Max depth:  3
	 Number of estimators:  2

Random Forest regression: 
	 Cross Validation mean squared errors:  2511.44493314, 2477.35045741, 2250.71921967, 2275.86639612, 2390.326798
	 Variance score: 0.06
	 Mean squared error on test set: 2436.41
	 Bootstrap?:  True
	 Max depth:  3
	 Number of estimators:  3

Random Forest regression: 
	 Cross Validation mean squared errors:  2497.08035602, 2493.32667494, 2244.25445723, 2249.61379062, 2361.66497732
	 Variance score: 0.08
	 Mean squared error on test set: 2399.46
	 Bootstrap?:  True
	 Max depth:  3
	 Number of estimators:  4

Random Forest regression: 
	 Cross Validation mean squared errors:  2479.84789004, 2453.44047642, 2247.06038195, 2245.42561559, 2385.46094958
	 Variance score: 0.06
	 Mean squared error on test set: 2439.38
	 Bootstrap?:  True
	 Max depth:  3
	 Number of estimators:  5

Random Forest regression: 
	 Cross Validation mean squared errors:  2456.71213311, 2423.61715006, 2192.59167992, 2296.35740669, 2348.12971339
	 Variance score: 0.06
	 Mean squared error on test set: 2439.20
	 Bootstrap?:  True
	 Max depth:  3
	 Number of estimators:  6

Random Forest regression: 
	 Cross Validation mean squared errors:  2472.91344228, 2462.56839868, 2226.52086214, 2285.69092511, 2426.02344588
	 Variance score: 0.07
	 Mean squared error on test set: 2415.00
	 Bootstrap?:  True
	 Max depth:  3
	 Number of estimators:  7

Random Forest regression: 
	 Cross Validation mean squared errors:  2441.75816917, 2463.68851092, 2198.00066766, 2297.26650229, 2356.88616297
	 Variance score: 0.07
	 Mean squared error on test set: 2429.47
	 Bootstrap?:  True
	 Max depth:  3
	 Number of estimators:  8

Random Forest regression: 
	 Cross Validation mean squared errors:  2479.11370575, 2450.34561536, 2178.79750904, 2275.28043136, 2353.87087699
	 Variance score: 0.06
	 Mean squared error on test set: 2431.19
	 Bootstrap?:  True
	 Max depth:  3
	 Number of estimators:  9

Random Forest regression: 
	 Cross Validation mean squared errors:  2496.57786716, 2437.82178941, 2223.12756463, 2275.08503848, 2318.82783448
	 Variance score: 0.08
	 Mean squared error on test set: 2404.61
	 Bootstrap?:  True
	 Max depth:  3
	 Number of estimators:  10

Random Forest regression: 
	 Cross Validation mean squared errors:  2455.34079468, 2451.3693014, 2244.48519635, 2287.94700281, 2360.17103922
	 Variance score: 0.07
	 Mean squared error on test set: 2419.66
	 Bootstrap?:  True
	 Max depth:  3
	 Number of estimators:  11

Random Forest regression: 
	 Cross Validation mean squared errors:  2472.80579852, 2469.18206268, 2213.20053501, 2253.58256561, 2363.68318672
	 Variance score: 0.07
	 Mean squared error on test set: 2410.61
	 Bootstrap?:  True
	 Max depth:  3
	 Number of estimators:  12

Random Forest regression: 
	 Cross Validation mean squared errors:  2467.54816625, 2453.99422155, 2235.53986529, 2317.6575917, 2359.97618752
	 Variance score: 0.07
	 Mean squared error on test set: 2425.28
	 Bootstrap?:  True
	 Max depth:  3
	 Number of estimators:  13

Random Forest regression: 
	 Cross Validation mean squared errors:  2469.11172567, 2450.29182006, 2208.04357351, 2283.01638264, 2346.90982516
	 Variance score: 0.07
	 Mean squared error on test set: 2425.35
	 Bootstrap?:  True
	 Max depth:  3
	 Number of estimators:  14

Random Forest regression: 
	 Cross Validation mean squared errors:  2488.62787736, 2456.71622307, 2198.89853697, 2324.290.97598744, 2284.39858521, 2236.80517334, 2405.38885524
	 Variance score: 0.06
	 Mean squared error on test set: 2452.97
	 Bootstrap?:  True
	 Max depth:  1
	 Number of estimators:  110

Random Forest regression: 
	 Cross Validation mean squared errors:  2471.09003638, 2543.21464365, 2287.81537549, 2234.97097603, 2406.03285624
	 Variance score: 0.06
	 Mean squared error on test set: 2450.42
	 Bootstrap?:  True
	 Max depth:  1
	 Number of estimators:  111

Random Forest regression: 
	 Cross Validation mean squared errors:  2469.25663446, 2538.47221574, 2290.19858143, 2238.2471852, 2413.67293089
	 Variance score: 0.06
	 Mean squared error on test set: 2448.56
	 Bootstrap?:  True
	 Max depth:  1
	 Number of estimators:  112

Random Forest regression: 
	 Cross Validation mean squared errors:  2472.61727345, 2543.73360956, 2288.83919019, 2241.4356643, 2410.73635234
	 Variance score: 0.06
	 Mean squared error on test set: 2448.28
	 Bootstrap?:  True
	 Max depth:  1
	 Number of estimators:  113

Random Forest regression: 
	 Cross Validation mean squared errors:  2467.16845832, 2533.90800074, 2290.55181438, 2237.03579737, 2406.63209492
	 Variance score: 0.06
	 Mean squared error on test set: 2449.01
	 Bootstrap?:  True
	 Max depth:  1
	 Number of estimators:  114

Random Forest regression: 
	 Cross Validation mean squared errors:  2471.69932234, 2540.78388205, 2290.73664113, 2233.15263811, 2404.99727819
	 Variance score: 0.06
	 Mean squared error on test set: 2447.15
	 Bootstrap?:  True
	 Max depth:  1
	 Number of estimators:  115

Random Forest regression: 
	 Cross Validation mean squared errors:  2463.53498553, 2535.17108428, 2283.40010081, 2236.23556368, 2412.43851192
	 Variance score: 0.06
	 Mean squared error on test set: 2455.94
	 Bootstrap?:  True
	 Max depth:  1
	 Number of estimators:  116

Random Forest regression: 
	 Cross Validation mean squared errors:  2474.46796261, 2538.97778657, 2281.61789322, 2233.15571043, 2400.25657039
	 Variance score: 0.06
	 Mean squared error on test set: 2449.27
	 Bootstrap?:  True
	 Max depth:  1
	 Number of estimators:  117

Random Forest regression: 
	 Cross Validation mean squared errors:  2461.89463944, 2539.62178406, 2286.58416381, 2237.63414845, 2406.95030491
	 Variance score: 0.06
	 Mean squared error on test set: 2451.39
	 Bootstrap?:  True
	 Max depth:  1
	 Number of estimators:  118

 mean squared errors:  2542.95182094, 2807.52932252, 2370.82885093, 2793.25774168, 2521.46933273
	 Variance score: 0.06
	 Mean squared error on test set: 2443.55
	 Bootstrap?:  True
	 Max depth:  4
	 Number of estimators:  1

Random Forest regression: 
	 Cross Validation mean squared errors:  2706.5499242, 2638.39391988, 2343.00165334, 2364.32986862, 2405.31040834
	 Variance score: 0.05
	 Mean squared error on test set: 2459.00
	 Bootstrap?:  True
	 Max depth:  4
	 Number of estimators:  2

Random Forest regression: 
	 Cross Validation mean squared errors:  2510.66751681, 2515.46025561, 2353.27246924, 2342.14742179, 2382.93083703
	 Variance score: 0.07
	 Mean squared error on test set: 2429.95
	 Bootstrap?:  True
	 Max depth:  4
	 Number of estimators:  3

Random Forest regression: 
	 Cross Validation mean squared errors:  2531.91197372, 2466.58487501, 2245.90534691, 2352.28946865, 2369.49178384
	 Variance score: 0.06
	 Mean squared error on test set: 2452.45
	 Bootstrap?:  True
	 Max depth:  4
	 Number of estimators:  4

Random Forest regression: 
	 Cross Validation mean squared errors:  2534.43825723, 2462.12248613, 2245.19573943, 2338.39964559, 2359.52964082
	 Variance score: 0.06
	 Mean squared error on test set: 2451.44
	 Bootstrap?:  True
	 Max depth:  4
	 Number of estimators:  5

Random Forest regression: 
	 Cross Validation mean squared errors:  2502.63565698, 2595.63857599, 2259.97995897, 2256.21304982, 2397.97065343
	 Variance score: 0.06
	 Mean squared error on test set: 2432.72
	 Bootstrap?:  True
	 Max depth:  4
	 Number of estimators:  6

Random Forest regression: 
	 Cross Validation mean squared errors:  2546.91527167, 2462.87317908, 2151.07063433, 2309.26245654, 2371.01982664
	 Variance score: 0.07
	 Mean squared error on test set: 2425.41
	 Bootstrap?:  True
	 Max depth:  4
	 Number of estimators:  7

Random Forest regression: 
	 Cross Validation mean squared errors:  2503.41092017, 2479.27753168, 2274.53693867, 2366.82717431, 2363.08160725
	 Variance score: 0.07
	 Mean squared error on test set: 2427.12
	 Bootstrap?:  True
	 Max depth:  4
	 Number of estimators:  8

Random Forest regression: 
	 Cross Validation mean squared errors:  2521.29545184, 2445.97825265, 2200.54498606, 2246.19062815, 2324.32973747
	 Variance score: 0.06
	 Mean squared error on test set: 2434.30
	 Bootstrap?:  True
	 Max depth:  4
	 Number of estimators:  9

Random Forest regression: 
	 Cross Validation mean squared errors:  2518.80804336, 2415.00475133, 2148.35543068, 2316.6689176, 2378.61479723
	 Variance score: 0.07
	 Mean squared error on test set: 2410.25
	 Bootstrap?:  True
	 Max depth:  4
	 Number of estimators:  10

Random Forest regression: 
	 Cross Validation mean squared errors:  2490.894763, 2470.3201015, 2240.32985043, 2288.21983795, 2313.94945572
	 Variance score: 0.07
	 Mean squared error on test set: 2430.76
	 Bootstrap?:  True
	 Max depth:  4
	 Number of estimators:  11

Random Forest regression: 
	 Cross Validation mean squared errors:  2496.24805613, 2486.37336441, 2216.95535369, 2295.10129825, 2331.06649624
	 Variance score: 0.06
	 Mean squared error on test set: 2438.98
	 Bootstrap?:  True
	 Max depth:  4
	 Number of estimators:  12

Random Forest regression: 
	 Cross Validation mean squared errors:  2522.06587346, 2459.26697772, 2205.75909014, 2269.04318137, 2325.90675691
	 Variance score: 0.07
	 Mean squared error on test set: 2428.13
	 Bootstrap?:  True
	 Max depth:  4
	 Number of estimators:  13

Random Forest regression: 
	 Cross Validation mean squared errors:  2502.89281796, 2490.32226875, 2269.57573158, 2288.39161073, 2325.55150477
	 Variance score: 0.07
	 Mean squared error on test set: 2421.05
	 Bootstrap?:  True
	 Max depth:  4
	 Number of estimators:  14

Random Forest regression: 
	 Cross Validation mean squared errors:  2490.2662943, 2429.47591873, 2220.46170909, 2260.24853577, 2311.80052188
	 Variance score: 0.06
	 Mean squared error on test set: 2431.25
	 Bootstrap?:  True
	 Max depth:  4
	 Number of estimators:  15

Random Forest regression: 
	 Cross Validation mean squared errors:  2511.38871208, 2430.98670203, 2155.71756447, 2281.48522132, 2327.53561263
	 Variance score: 0.07
	 Mean squared error on test set: 2417.32
	 Bootstrap?:  True
	 Max depth:  4
	 Number of estimators:  16

Random Forest regression: 
	 Cross Validation mean squared errors:  2533.50404543, 2419.87620481, 2226.60266602, 2293.5333677, 2367.26354388
	 Variance score: 0.07
	 Mean squared error on test set: 2422.79
	 Bootstrap?:  True
	 Max depth:  4
	 Number of estimators:  17

Random Forest regression: 
	 Cross Validation mean squared errors:  2455.89963605, 2416.04209092, 2188.57865431, 2260.87266045, 2327.95504905
	 Variance score: 0.07
	 Mean squared error on test set: 2408.31
	 Bootstrap?:  True
	 Max depth:  4
	 Number of estimators:  18

Random Forest regression: 
	 Cross Validation mean squared errors:  2485.93409218, 2440.41387321, 2231.63192803, 2284.74446603, 2359.18746256
	 Variance score: 0.07
	 Mean squared error on test set: 2423.74
	 Bootstrap?:  True
	 Max depth:  4
	 Number of estimators:  19

Random Forest regression: 
	 Cross Validation mean squared errors:  2498.15815728, 2431.01040923, 2190.71599888, 2328.76830057, 2334.195343
	 Variance score: 0.07
	 Mean squared error on test set: 2414.71
	 Bootstrap?:  True
	 Max depth:  4
	 Number of estimators:  20

Random Forest regression: 
	 Cross Validation mean squared errors:  2507.65478332, 2467.13641805, 2217.66562844, 2246.64884022, 2376.13027981
	 Variance score: 0.08
	 Mean squared error on test set: 2395.82
	 Bootstrap?:  True
	 Max depth:  4
	 Number of estimators:  21

Random Forest regression: 
	 Cross Validation mean squared errors:  2525.01150286, 2447.75651744, 2218.06446488, 2267.09570631, 2319.79685497
	 Variance score: 0.07
	 Mean squared error on test set: 2412.65
	 Bootstrap?:  True
	 Max depth:  4
	 Number of estimators:  22

Random Forest regression: 
	 Cross Validation mean squared errors:  2486.40330048, 2442.16284122, 2208.55351294, 2208.32655295, 2308.73886943
	 Variance score: 0.07
	 Mean squared error on test set: 2414.15
	 Bootstrap?:  True
	 Max depth:  4
	 Number of estimators:  23

Random Forest regression: 
	 Cross Validation mean squared errors:  2694.82983348, 2674.609062, 2378.54122626, 2523.69071226, 2435.48438351
	 Variance score: 0.02
	 Mean squared error on test set: 2558.80
	 Bootstrap?:  True
	 Max depth:  5
	 Number of estimators:  2

Random Forest regression: 
	 Cross Validation mean squared errors:  2687.95873327, 2488.41489643, 2270.19359066, 2338.35338902, 2463.27325154
	 Variance score: 0.05
	 Mean squared error on test set: 2478.86
	 Bootstrap?:  True
	 Max depth:  5
	 Number of estimators:  3

Random Forest regression: 
	 Cross Validation mean squared errors:  2621.03405384, 2493.78193787, 2177.59263144, 2458.21333502, 2429.0862791
	 Variance score: 0.04
	 Mean squared error on test set: 2488.33
	 Bootstrap?:  True
	 Max depth:  5
	 Number of estimators:  4

Random Forest regression: 
	 Cross Validation mean squared errors:  2631.04280598, 2502.87351885, 2313.28530247, 2343.57480948, 2396.88021635
	 Variance score: 0.06
	 Mean squared error on test set: 2447.03
	 Bootstrap?:  True
	 Max depth:  5
	 Number of estimators:  5

Random Forest regression: 
	 Cross Validation mean squared errors:  2477.46999215, 2490.2134459, 2269.28808164, 2294.3103165, 2384.04465901
	 Variance score: 0.06
	 Mean squared error on test set: 2435.73
	 Bootstrap?:  True
	 Max depth:  5
	 Number of estimators:  6

Random Forest regression: 
	 Cross Validation mean squared errors:  2523.52414055, 2468.0774274, 2254.66592495, 2387.55888776, 2396.45981899
	 Variance score: 0.05
	 Mean squared error on test set: 2459.21
	 Bootstrap?:  True
	 Max depth:  5
	 Number of estimators:  7

Random Forest regression: 
	 Cross Validation mean squared errors:  2591.0808157, 2427.20190561, 2179.18751202, 2344.94657718, 2375.78959536
	 Variance score: 0.04
	 Mean squared error on test set: 2485.63
	 Bootstrap?:  True
	 Max depth:  5
	 Number of estimators:  8

Random Forest regression: 
	 Cross Validation mean squared errors:  2476.15683618, 2415.47949256, 2231.75556177, 2344.44422026, 2386.02852029
	 Variance score: 0.06
	 Mean squared error on test set: 2431.24
	 Bootstrap?:  True
	 Max depth:  5
	 Number of estimators:  9

Random Forest regression: 
	 Cross Validation mean squared errors:  2536.43007877, 2534.10028489, 2229.73891833, 2314.19376346, 2361.06140109
	 Variance score: 0.07
	 Mean squared error on test set: 2426.42
	 Bootstrap?:  True
	 Max depth:  5
	 Number of estimators:  10

Random Forest regression: 
	 Cross Validation mean squared errors:  2550.31976329, 2469.08475273, 2213.6880363, 2268.35839488, 2308.05720616
	 Variance score: 0.07
	 Mean squared error on test set: 2428.39
	 Bootstrap?:  True
	 Max depth:  5
	 Number of estimators:  11

Random Forest regression: 
	 Cross Validation mean squared errors:  2527.08538759, 2487.36095968, 2198.00093816, 2220.15749621, 2374.02692463
	 Variance score: 0.06
	 Mean squared error on test set: 2440.73
	 Bootstrap?:  True
	 Max depth:  5
	 Number of estimators:  12

Random Forest regression: 
	 Cross Validation mean squared errors:  2521.0389086, 2444.70952933, 2186.42966123, 2404.49803422, 2356.77459283
	 Variance score: 0.07
	 Mean squared error on test set: 2416.27
	 Bootstrap?:  True
	 Max depth:  5
	 Number of estimators:  13

Random Forest regression: 
	 Cross Validation mean squared errors:  2513.38800216, 2488.08159544, 2249.605267, 2314.30034031, 2300.6492588
	 Variance score: 0.07
	 Mean squared error on test set: 2424.34
	 Bootstrap?:  True
	 Max depth:  5
	 Number of estimators:  14

Random Forest regression: 
	 Cross Validation mean squared errors:  2493.69951026, 2430.03826171, 2190.20285476, 2304.2768203, 2347.54640426
	 Variance score: 0.06
	 Mean squared error on test set: 2438.66
	 Bootstrap?:  True
	 Max depth:  5
	 Number of estimators:  15

Random Forest regression: 
	 Cross Validation mean squared errors:  2476.83992677, 2425.42092415, 2227.23140526, 2365.03357058, 2337.8036299
	 Variance score: 0.05
	 Mean squared error on test set: 2458.69
	 Bootstrap?:  True
	 Max depth:  5
	 Number of estimators:  16

Random Forest regression: 
	 Cross Validation mean squared errors:  2525.95401237, 2416.52104703, 2210.44413598, 2358.54677546, 2353.12111185
	 Variance score: 0.07
	 Mean squared error on test set: 2422.36
	 Bootstrap?:  True
	 Max depth:  5
	 Number of estimators:  17

Random Forest regression: 
	 Cross Validation mean squared errors:  2500.1212536, 2450.70249993, 2223.90012748, 2246.89195814, 2327.10645926
	 Variance score: 0.06
	 Mean squared error on test set: 2434.19
	 Bootstrap?:  True
	 Max depth:  5
	 Number of estimators:  18

Random Forest regression: 
	 Cross Validation mean squared errors:  2513.46087821, 2458.55547363, 2254.3684583, 2308.64341716, 2345.07355893
	 Variance score: 0.07
	 Mean squared error on test set: 2411.43
	 Bootstrap?:  True
	 Max depth:  5
	 Number of estimators:  19

Random Forest regression: 
	 Cross Validation mean squared errors:  2548.77130849, 2447.36654373, 2173.0855732, 2319.98797344, 2318.04028568
	 Variance score: 0.07
	 Mean squared error on test set: 2408.59
	 Bootstrap?:  True
	 Max depth:  5
	 Number of estimators:  20

Random Forest regression: 
	 Cross Validation mean squared errors:  2564.79737408, 2455.30956407, 2236.41062669, 2291.91914546, 2300.78265203
	 Variance score: 0.07
	 Mean squared error on test set: 2423.14
	 Bootstrap?:  True
	 Max depth:  5
	 Number of estimators:  21

Random Forest regression: 
	 Cross Validation mean squared errors:  2484.63896023, 2482.64162581, 2235.37142018, 2385.1796738, 2332.16833562
	 Variance score: 0.07
	 Mean squared error on test set: 2413.81
	 Bootstrap?:  True
	 Max depth:  5
	 Number of estimators:  22

Random Forest regression: 
	 Cross Validation mean squared errors:  2522.94522532, 2471.51563078, 2227.56901559, 2322.89578065, 2295.22461547
	 Variance score: 0.06
	 Mean squared error on test set: 2434.49
	 Bootstrap?:  True
	 Max depth:  5
	 Number of estimators:  23

Random Forest regression: 
	 Cross Validation mean squared errors:  2623.43517023, 2724.01499713, 2409.33790337, 2525.6949984, 2662.03157332
	 Variance score: 0.01
	 Mean squared error on test set: 2583.02
	 Bootstrap?:  True
	 Max depth:  6
	 Number of estimators:  2

Random Forest regression: 
	 Cross Validation mean squared errors:  2708.23319812, 2506.82638866, 2373.35614114, 2461.59827049, 2390.77188358
	 Variance score: 0.00
	 Mean squared error on test set: 2595.34
	 Bootstrap?:  True
	 Max depth:  6
	 Number of estimators:  3

Random Forest regression: 
	 Cross Validation mean squared errors:  2619.95555333, 2484.77174601, 2373.56490224, 2536.92608882, 2521.72264969
	 Variance score: 0.03
	 Mean squared error on test set: 2527.39
	 Bootstrap?:  True
	 Max depth:  6
	 Number of estimators:  4

Random Forest regression: 
	 Cross Validation mean squared errors:  2719.44434441, 2487.78195537, 2296.69858447, 2275.76467823, 2449.31499703
	 Variance score: 0.05
	 Mean squared error on test set: 2473.92
	 Bootstrap?:  True
	 Max depth:  6
	 Number of estimators:  5

Random Forest regression: 
	 Cross Validation mean squared errors:  2599.22619491, 2524.18388003, 2294.72012371, 2391.79827551, 2372.71757495
	 Variance score: 0.04
	 Mean squared error on test set: 2497.84
	 Bootstrap?:  True
	 Max depth:  6
	 Number of estimators:  6

Random Forest regression: 
	 Cross Validation mean squared errors:  2569.28447136, 2425.16685601, 2239.04876633, 2371.02173792, 2395.32901327
	 Variance score: 0.04
	 Mean squared error on test set: 2496.15
	 Bootstrap?:  True
	 Max depth:  6
	 Number of estimators:  7

Random Forest regression: 
	 Cross Validation mean squared errors:  2594.49520728, 2453.19622299, 2284.85381985, 2383.56387409, 2374.09621033
	 Variance score: 0.06
	 Mean squared error on test set: 2455.30
	 Bootstrap?:  True
	 Max depth:  6
	 Number of estimators:  8

Random Forest regression: 
	 Cross Validation mean squared errors:  2540.18771788, 2457.23537456, 2278.02261433, 2294.56568974, 2378.87018435
	 Variance score: 0.05
	 Mean squared error on test set: 2472.00
	 Bootstrap?:  True
	 Max depth:  6
	 Number of estimators:  9

Random Forest regression: 
	 Cross Validation mean squared errors:  2612.79591832, 2493.2374668, 2265.18153186, 2341.8668069, 2375.39226827
	 Variance score: 0.05
	 Mean squared error on test set: 2457.99
	 Bootstrap?:  True
	 Max depth:  6
	 Number of estimators:  10

Random Forest regression: 
	 Cross Validation mean squared errors:  2547.23720579, 2552.44884521, 2312.61522547, 2294.42165097, 2375.36902908
	 Variance score: 0.06
	 Mean squared error on test set: 2453.00
	 Bootstrap?:  True
	 Max depth:  6
	 Number of estimators:  11

Random Forest regression: 
	 Cross Validation mean squared errors:  2534.82409312, 2463.65062538, 2201.5271516, 2405.34922859, 2363.57102125
	 Variance score: 0.06
	 Mean squared error on test set: 2443.41
	 Bootstrap?:  True
	 Max depth:  6
	 Number of estimators:  12

Random Forest regression: 
	 Cross Validation mean squared errors:  2537.33246826, 2567.47742118, 2239.84034242, 2266.51171395, 2421.90575199
	 Variance score: 0.05
	 Mean squared error on test set: 2459.19
	 Bootstrap?:  True
	 Max depth:  6
	 Number of estimators:  13

Random Forest regression: 
	 Cross Validation mean squared errors:  2521.53778361, 2441.37322641, 2189.29398099, 2415.98235891, 2363.88185827
	 Variance score: 0.05
	 Mean squared error on test set: 2470.81
	 Bootstrap?:  True
	 Max depth:  6
	 Number of estimators:  14

Random Forest regression: 
	 Cross Validation mean squared errors:  2590.53831499, 2409.04031028, 2207.01092066, 2272.76053724, 2365.92416833
	 Variance score: 0.05
	 Mean squared error on test set: 2477.00
	 Bootstrap?:  True
	 Max depth:  6
	 Number of estimators:  15

Random Forest regression: 
	 Cross Validation mean squared errors:  2640.28156538, 2476.34472421, 2231.79636297, 2333.25481478, 2335.80859592
	 Variance score: 0.08
	 Mean squared error on test set: 2400.52
	 Bootstrap?:  True
	 Max depth:  6
	 Number of estimators:  16

Random Forest regression: 
	 Cross Validation mean squared errors:  2599.63686233, 2432.34291629, 2260.09811767, 2323.58174078, 2340.31163499
	 Variance score: 0.04
	 Mean squared error on test set: 2482.85
	 Bootstrap?:  True
	 Max depth:  6
	 Number of estimators:  17

Random Forest regression: 
	 Cross Validation mean squared errors:  2618.16487627, 2481.63210861, 2195.3982609, 2313.97863111, 2328.9978857
	 Variance score: 0.06
	 Mean squared error on test set: 2454.69
	 Bootstrap?:  True
	 Max depth:  6
	 Number of estimators:  18

Random Forest regression: 
	 Cross Validation mean squared errors:  2566.21808278, 2466.88565125, 2195.01700291, 2304.07474095, 2327.93557318
	 Variance score: 0.04
	 Mean squared error on test set: 2483.61
	 Bootstrap?:  True
	 Max depth:  6
	 Number of estimators:  19

Random Forest regression: 
	 Cross Validation mean squared errors:  2523.39881706, 2420.5416073, 2211.3724668, 2318.48408719, 2348.1088398
	 Variance score: 0.05
	 Mean squared error on test set: 2461.67
	 Bootstrap?:  True
	 Max depth:  6
	 Number of estimators:  20

Random Forest regression: 
	 Cross Validation mean squared errors:  2568.99935211, 2434.13630013, 2233.52866313, 2390.5299214, 2362.73440047
	 Variance score: 0.05
	 Mean squared error on test set: 2460.38
	 Bootstrap?:  True
	 Max depth:  6
	 Number of estimators:  21

Random Forest regression: 
	 Cross Validation mean squared errors:  2514.40931237, 2505.63578584, 2239.44698146, 2351.73847637, 2315.59805785
	 Variance score: 0.07
	 Mean squared error on test set: 2423.75
	 Bootstrap?:  True
	 Max depth:  6
	 Number of estimators:  22

Random Forest regression: 
	 Cross Validation mean squared errors:  2628.58852764, 2449.29172996, 2230.48935147, 2349.35799147, 2365.88398381
	 Variance score: 0.06
	 Mean squared error on test set: 2452.46
	 Bootstrap?:  True
	 Max depth:  6
	 Number of estimators:  23

Random Forest regression: 
	 Cross Validation mean squared errors:  2678.08803643, 2410.15197061, 2264.66524309, 2306.25611491, 2464.14260208
	 Variance score: 0.01
	 Mean squared error on test set: 2568.66
	 Bootstrap?:  True
	 Max depth:  7
	 Number of estimators:  4

Random Forest regression: 
	 Cross Validation mean squared errors:  2743.12003705, 2646.68924947, 2421.19735714, 2337.94850198, 2237.42163704
	 Variance score: 0.01
	 Mean squared error on test set: 2574.00
	 Bootstrap?:  True
	 Max depth:  7
	 Number of estimators:  5

Random Forest regression: 
	 Cross Validation mean squared errors:  2598.0366349, 2551.10135706, 2429.7287398, 2429.9207135, 2401.09007447
	 Variance score: 0.05
	 Mean squared error on test set: 2466.48
	 Bootstrap?:  True
	 Max depth:  7
	 Number of estimators:  6

Random Forest regression: 
	 Cross Validation mean squared errors:  2582.12312957, 2595.48952714, 2297.27805168, 2466.87932357, 2487.2159584
	 Variance score: 0.02
	 Mean squared error on test set: 2550.34
	 Bootstrap?:  True
	 Max depth:  7
	 Number of estimators:  7

Random Forest regression: 
	 Cross Validation mean squared errors:  2721.7340981, 2633.58869037, 2325.10988973, 2346.28498917, 2396.2261538
	 Variance score: 0.01
	 Mean squared error on test set: 2569.50
	 Bootstrap?:  True
	 Max depth:  7
	 Number of estimators:  8

Random Forest regression: 
	 Cross Validation mean squared errors:  2657.65250412, 2493.66005318, 2375.51703978, 2362.63521324, 2465.07873349
	 Variance score: 0.02
	 Mean squared error on test set: 2540.43
	 Bootstrap?:  True
	 Max depth:  7
	 Number of estimators:  9

Random Forest regression: 
	 Cross Validation mean squared errors:  2553.79733114, 2539.05726368, 2295.90907964, 2401.30345573, 2388.81181272
	 Variance score: 0.02
	 Mean squared error on test set: 2549.33
	 Bootstrap?:  True
	 Max depth:  7
	 Number of estimators:  10

Random Forest regression: 
	 Cross Validation mean squared errors:  2722.61577553, 2591.91285631, 2290.039756, 2317.73645874, 2426.73253677
	 Variance score: 0.04
	 Mean squared error on test set: 2489.42
	 Bootstrap?:  True
	 Max depth:  7
	 Number of estimators:  11

Random Forest regression: 
	 Cross Validation mean squared errors:  2612.74582231, 2506.21418784, 2279.28537498, 2366.93189157, 2485.01067214
	 Variance score: 0.03
	 Mean squared error on test set: 2512.20
	 Bootstrap?:  True
	 Max depth:  7
	 Number of estimators:  12

Random Forest regression: 
	 Cross Validation mean squared errors:  2573.09047214, 2603.9398944, 2265.42049733, 2321.00820484, 2417.43294816
	 Variance score: 0.03
	 Mean squared error on test set: 2517.16
	 Bootstrap?:  True
	 Max depth:  7
	 Number of estimators:  13

Random Forest regression: 
	 Cross Validation mean squared errors:  2591.80974494, 2456.97480993, 2294.09968562, 2400.47242818, 2329.92644414
	 Variance score: 0.04
	 Mean squared error on test set: 2501.81
	 Bootstrap?:  True
	 Max depth:  7
	 Number of estimators:  14

Random Forest regression: 
	 Cross Validation mean squared errors:  2674.45492939, 2517.85980164, 2269.43253745, 2376.53215683, 2330.28390047
	 Variance score: 0.03
	 Mean squared error on test set: 2509.82
	 Bootstrap?:  True
	 Max depth:  7
	 Number of estimators:  15

Random Forest regression: 
	 Cross Validation mean squared errors:  2601.08984164, 2496.92249477, 2217.36300137, 2312.17770624, 2394.02432934
	 Variance score: 0.05
	 Mean squared error on test set: 2471.23
	 Bootstrap?:  True
	 Max depth:  7
	 Number of estimators:  16

Random Forest regression: 
	 Cross Validation mean squared errors:  2607.83190172, 2515.76615528, 2301.56107431, 2306.25761554, 2321.10716338
	 Variance score: 0.06
	 Mean squared error on test set: 2455.09
	 Bootstrap?:  True
	 Max depth:  7
	 Number of estimators:  17

Random Forest regression: 
	 Cross Validation mean squared errors:  2647.88904115, 2514.26783201, 2184.80140989, 2329.44786283, 2357.37187111
	 Variance score: 0.04
	 Mean squared error on test set: 2494.18
	 Bootstrap?:  True
	 Max depth:  7
	 Number of estimators:  18

Random Forest regression: 
	 Cross Validation mean squared errors:  2605.0507688, 2520.97796341, 2272.64444774, 2288.33136989, 2342.77229387
	 Variance score: 0.06
	 Mean squared error on test set: 2454.36
	 Bootstrap?:  True
	 Max depth:  7
	 Number of estimators:  19

Random Forest regression: 
	 Cross Validation mean squared errors:  2612.2810398, 2498.78247621, 2252.78635858, 2334.15516426, 2360.69598326
	 Variance score: 0.05
	 Mean squared error on test set: 2473.23
	 Bootstrap?:  True
	 Max depth:  7
	 Number of estimators:  20

Random Forest regression: 
	 Cross Validation mean squared errors:  2588.75264402, 2549.8812787, 2225.53135109, 2346.15200913, 2339.33961736
	 Variance score: 0.05
	 Mean squared error on test set: 2459.64
	 Bootstrap?:  True
	 Max depth:  7
	 Number of estimators:  21

Random Forest regression: 
	 Cross Validation mean squared errors:  2568.24402809, 2501.59951477, 2216.10460374, 2316.55604147, 2362.53496295
	 Variance score: 0.04
	 Mean squared error on test set: 2488.80
	 Bootstrap?:  True
	 Max depth:  7
	 Number of estimators:  22

Random Forest regression: 
	 Cross Validation mean squared errors:  2556.21684048, 2473.16933281, 2204.12905955, 2311.41777292, 2367.52236025
	 Variance score: 0.05
	 Mean squared error on test set: 2458.17
	 Bootstrap?:  True
	 Max depth:  7
	 Number of estimators:  23

Random Forest regression: 
	 Cross Validation mean squared errors:  2823.50671005, 2572.04796633, 2453.84792062, 2525.80935918, 2569.73776737
	 Variance score: 0.00
	 Mean squared error on test set: 2598.28
	 Bootstrap?:  True
	 Max depth:  8
	 Number of estimators:  5

Random Forest regression: 
	 Cross Validation mean squared errors:  2634.13312059, 2546.37728322, 2377.04142969, 2321.88108743, 2429.73891485
	 Variance score: 0.02
	 Mean squared error on test set: 2545.69
	 Bootstrap?:  True
	 Max depth:  8
	 Number of estimators:  7

Random Forest regression: 
	 Cross Validation mean squared errors:  2702.5465662, 2631.15986146, 2363.00716007, 2479.60365082, 2442.42585689
	 Variance score: 0.02
	 Mean squared error on test set: 2557.90
	 Bootstrap?:  True
	 Max depth:  8
	 Number of estimators:  8

Random Forest regression: 
	 Cross Validation mean squared errors:  2608.49699106, 2578.25405704, 2293.34963438, 2377.73331379, 2424.42149468
	 Variance score: 0.02
	 Mean squared error on test set: 2536.92
	 Bootstrap?:  True
	 Max depth:  8
	 Number of estimators:  9

Random Forest regression: 
	 Cross Validation mean squared errors:  2667.98623997, 2512.03780807, 2420.89210421, 2343.01003755, 2360.11819669
	 Variance score: 0.04
	 Mean squared error on test set: 2507.23
	 Bootstrap?:  True
	 Max depth:  8
	 Number of estimators:  10

Random Forest regression: 
	 Cross Validation mean squared errors:  2616.71442308, 2570.79719232, 2308.40961523, 2411.8930789, 2435.01113193
	 Variance score: 0.02
	 Mean squared error on test set: 2543.68
	 Bootstrap?:  True
	 Max depth:  8
	 Number of estimators:  11

Random Forest regression: 
	 Cross Validation mean squared errors:  2566.53003406, 2523.64006298, 2278.45817559, 2361.36582648, 2369.96235611
	 Variance score: 0.01
	 Mean squared error on test set: 2585.79
	 Bootstrap?:  True
	 Max depth:  8
	 Number of estimators:  12

Random Forest regression: 
	 Cross Validation mean squared errors:  2631.51859352, 2533.6149201, 2234.0333534, 2391.21698779, 2455.69938413
	 Variance score: 0.02
	 Mean squared error on test set: 2541.86
	 Bootstrap?:  True
	 Max depth:  8
	 Number of estimators:  13

Random Forest regression: 
	 Cross Validation mean squared errors:  2618.51541926, 2558.50992025, 2364.86531605, 2447.84351062, 2424.67059535
	 Variance score: 0.03
	 Mean squared error on test set: 2526.26
	 Bootstrap?:  True
	 Max depth:  8
	 Number of estimators:  14

Random Forest regression: 
	 Cross Validation mean squared errors:  2643.6966092, 2489.2018368, 2355.32259456, 2345.41126912, 2391.72979044
	 Variance score: 0.04
	 Mean squared error on test set: 2486.69
	 Bootstrap?:  True
	 Max depth:  8
	 Number of estimators:  15

Random Forest regression: 
	 Cross Validation mean squared errors:  2686.86223156, 2555.0605525, 2268.92790527, 2363.91986676, 2413.49810215
	 Variance score: 0.04
	 Mean squared error on test set: 2491.65
	 Bootstrap?:  True
	 Max depth:  8
	 Number of estimators:  16

Random Forest regression: 
	 Cross Validation mean squared errors:  2601.60885494, 2523.65721703, 2280.57734445, 2368.88717657, 2402.80663996
	 Variance score: 0.05
	 Mean squared error on test set: 2481.57
	 Bootstrap?:  True
	 Max depth:  8
	 Number of estimators:  17

Random Forest regression: 
	 Cross Validation mean squared errors:  2687.8819121, 2543.45469866, 2274.85811837, 2356.17895406, 2381.04668346
	 Variance score: 0.04
	 Mean squared error on test set: 2493.54
	 Bootstrap?:  True
	 Max depth:  8
	 Number of estimators:  18

Random Forest regression: 
	 Cross Validation mean squared errors:  2618.75563784, 2541.18029505, 2332.0237551, 2395.70998179, 2437.54887098
	 Variance score: 0.05
	 Mean squared error on test set: 2471.14
	 Bootstrap?:  True
	 Max depth:  8
	 Number of estimators:  19

Random Forest regression: 
	 Cross Validation mean squared errors:  2595.88415515, 2512.69248544, 2276.36204473, 2393.49367411, 2375.38747524
	 Variance score: 0.03
	 Mean squared error on test set: 2519.33
	 Bootstrap?:  True
	 Max depth:  8
	 Number of estimators:  20

Random Forest regression: 
	 Cross Validation mean squared errors:  2653.19301101, 2550.83014917, 2294.34776406, 2333.47829292, 2415.36377549
	 Variance score: 0.03
	 Mean squared error on test set: 2511.29
	 Bootstrap?:  True
	 Max depth:  8
	 Number of estimators:  21

Random Forest regression: 
	 Cross Validation mean squared errors:  2605.66208073, 2564.81704201, 2257.35239929, 2370.39666357, 2337.22192737
	 Variance score: 0.05
	 Mean squared error on test set: 2476.70
	 Bootstrap?:  True
	 Max depth:  8
	 Number of estimators:  22

Random Forest regression: 
	 Cross Validation mean squared errors:  2628.08574717, 2526.79169433, 2263.26738666, 2342.97922292, 2334.74235537
	 Variance score: 0.04
	 Mean squared error on test set: 2495.08
	 Bootstrap?:  True
	 Max depth:  8
	 Number of estimators:  23

Random Forest regression: 
	 Cross Validation mean squared errors:  2761.06327865, 2703.33206025, 2418.58169492, 2478.92967678, 2493.32853723
	 Variance score: 0.01
	 Mean squared error on test set: 2579.61
	 Bootstrap?:  True
	 Max depth:  9
	 Number of estimators:  8

Random Forest regression: 
	 Cross Validation mean squared errors:  2709.26856217, 2518.20439399, 2320.66346041, 2494.73736228, 2432.6767823
	 Variance score: 0.00
	 Mean squared error on test set: 2588.54
	 Bootstrap?:  True
	 Max depth:  9
	 Number of estimators:  9

Random Forest regression: 
	 Cross Validation mean squared errors:  2773.72782689, 2556.39028767, 2350.52195343, 2355.19953795, 2481.98868074
	 Variance score: 0.01
	 Mean squared error on test set: 2573.42
	 Bootstrap?:  True
	 Max depth:  9
	 Number of estimators:  12

Random Forest regression: 
	 Cross Validation mean squared errors:  2711.35342581, 2534.88759151, 2415.73000042, 2403.49405558, 2565.02217629
	 Variance score: 0.02
	 Mean squared error on test set: 2544.83
	 Bootstrap?:  True
	 Max depth:  9
	 Number of estimators:  13

Random Forest regression: 
	 Cross Validation mean squared errors:  2680.31342423, 2523.64986772, 2301.13975598, 2281.93167005, 2475.77543096
	 Variance score: 0.04
	 Mean squared error on test set: 2486.18
	 Bootstrap?:  True
	 Max depth:  9
	 Number of estimators:  15

Random Forest regression: 
	 Cross Validation mean squared errors:  2627.53201245, 2569.21784565, 2314.75053174, 2480.10096426, 2523.76364011
	 Variance score: 0.01
	 Mean squared error on test set: 2577.67
	 Bootstrap?:  True
	 Max depth:  9
	 Number of estimators:  16

Random Forest regression: 
	 Cross Validation mean squared errors:  2630.45558534, 2502.93796697, 2353.32033917, 2391.5463321, 2426.05089668
	 Variance score: 0.03
	 Mean squared error on test set: 2517.80
	 Bootstrap?:  True
	 Max depth:  9
	 Number of estimators:  17

Random Forest regression: 
	 Cross Validation mean squared errors:  2622.52237084, 2536.68750271, 2319.02824432, 2350.82296808, 2423.55036541
	 Variance score: 0.01
	 Mean squared error on test set: 2575.67
	 Bootstrap?:  True
	 Max depth:  9
	 Number of estimators:  18

Random Forest regression: 
	 Cross Validation mean squared errors:  2612.98495206, 2588.10210149, 2381.11732525, 2407.05019961, 2403.56552991
	 Variance score: 0.04
	 Mean squared error on test set: 2504.52
	 Bootstrap?:  True
	 Max depth:  9
	 Number of estimators:  19

Random Forest regression: 
	 Cross Validation mean squared errors:  2689.42658801, 2509.44986245, 2311.83333171, 2386.34409409, 2461.95242074
	 Variance score: 0.02
	 Mean squared error on test set: 2541.77
	 Bootstrap?:  True
	 Max depth:  9
	 Number of estimators:  20

Random Forest regression: 
	 Cross Validation mean squared errors:  2641.96749278, 2535.45395902, 2369.45097781, 2384.61116026, 2377.1586721
	 Variance score: 0.02
	 Mean squared error on test set: 2546.63
	 Bootstrap?:  True
	 Max depth:  9
	 Number of estimators:  21

Random Forest regression: 
	 Cross Validation mean squared errors:  2658.75286673, 2579.99287508, 2411.35189267, 2384.61540748, 2372.19990801
	 Variance score: 0.04
	 Mean squared error on test set: 2486.90
	 Bootstrap?:  True
	 Max depth:  9
	 Number of estimators:  22

Random Forest regression: 
	 Cross Validation mean squared errors:  2607.65148447, 2466.50807534, 2318.56270608, 2347.66931235, 2451.197544
	 Variance score: 0.03
	 Mean squared error on test set: 2512.65
	 Bootstrap?:  True
	 Max depth:  9
	 Number of estimators:  23

Random Forest regression: 
	 Cross Validation mean squared errors:  2972.48963726, 2801.79814842, 2544.59969369, 2466.13007318, 2581.6775764
	 Variance score: 0.00
	 Mean squared error on test set: 2593.67
	 Bootstrap?:  True
	 Max depth:  10
	 Number of estimators:  5

Random Forest regression: 
	 Cross Validation mean squared errors:  2795.58391074, 2797.07111283, 2297.15416434, 2505.69706555, 2551.9658607
	 Variance score: 0.00
	 Mean squared error on test set: 2593.24
	 Bootstrap?:  True
	 Max depth:  10
	 Number of estimators:  8

Random Forest regression: 
	 Cross Validation mean squared errors:  2778.17484155, 2709.62038266, 2296.83114618, 2471.26764922, 2542.9369764
	 Variance score: 0.00
	 Mean squared error on test set: 2599.55
	 Bootstrap?:  True
	 Max depth:  10
	 Number of estimators:  11

Random Forest regression: 
	 Cross Validation mean squared errors:  2703.62844306, 2492.14638095, 2386.22360383, 2308.45300007, 2477.62152313
	 Variance score: 0.02
	 Mean squared error on test set: 2541.09
	 Bootstrap?:  True
	 Max depth:  10
	 Number of estimators:  14

Random Forest regression: 
	 Cross Validation mean squared errors:  2706.89192427, 2643.57018161, 2372.4553617, 2414.11196001, 2452.98906299
	 Variance score: 0.01
	 Mean squared error on test set: 2569.46
	 Bootstrap?:  True
	 Max depth:  10
	 Number of estimators:  16

Random Forest regression: 
	 Cross Validation mean squared errors:  2708.92535004, 2592.00765046, 2403.64710387, 2365.12961451, 2475.89379084
	 Variance score: 0.02
	 Mean squared error on test set: 2547.37
	 Bootstrap?:  True
	 Max depth:  10
	 Number of estimators:  17

Random Forest regression: 
	 Cross Validation mean squared errors:  2693.60050015, 2589.08503677, 2382.34134784, 2497.7578924, 2525.7286498
	 Variance score: 0.01
	 Mean squared error on test set: 2568.37
	 Bootstrap?:  True
	 Max depth:  10
	 Number of estimators:  19

Random Forest regression: 
	 Cross Validation mean squared errors:  2738.10145407, 2582.29700783, 2385.62371666, 2418.69798621, 2479.48048934
	 Variance score: 0.04
	 Mean squared error on test set: 2503.77
	 Bootstrap?:  True
	 Max depth:  10
	 Number of estimators:  20

Random Forest regression: 
	 Cross Validation mean squared errors:  2731.67824975, 2538.02559474, 2370.82149535, 2382.47240038, 2518.04078619
	 Variance score: 0.02
	 Mean squared error on test set: 2543.55
	 Bootstrap?:  True
	 Max depth:  10
	 Number of estimators:  21

Random Forest regression: 
	 Cross Validation mean squared errors:  2707.95536252, 2550.51254906, 2366.00161592, 2388.80595, 2437.03999385
	 Variance score: 0.01
	 Mean squared error on test set: 2565.75
	 Bootstrap?:  True
	 Max depth:  10
	 Number of estimators:  22

Random Forest regression: 
	 Cross Validation mean squared errors:  2824.79826468, 2632.98547952, 2336.29813597, 2371.23306536, 2490.98069297
	 Variance score: 0.01
	 Mean squared error on test set: 2562.27
	 Bootstrap?:  True
	 Max depth:  11
	 Number of estimators:  17

Random Forest regression: 
	 Cross Validation mean squared errors:  2739.16006312, 2598.13494051, 2326.42793543, 2377.85934276, 2459.84369846
	 Variance score: 0.00
	 Mean squared error on test set: 2595.01
	 Bootstrap?:  True
	 Max depth:  11
	 Number of estimators:  19

Random Forest regression: 
	 Cross Validation mean squared errors:  2616.52582521, 2516.45849222, 2414.24675608, 2381.6864037, 2497.82065476
	 Variance score: 0.01
	 Mean squared error on test set: 2583.77
	 Bootstrap?:  True
	 Max depth:  11
	 Number of estimators:  20

Random Forest regression: 
	 Cross Validation mean squared errors:  2716.76473666, 2598.81015638, 2401.35290343, 2382.30972069, 2450.19456105
	 Variance score: 0.01
	 Mean squared error on test set: 2577.87
	 Bootstrap?:  True
	 Max depth:  11
	 Number of estimators:  21

Random Forest regression: 
	 Cross Validation mean squared errors:  2770.39934579, 2603.90704977, 2409.93236721, 2386.7719494, 2429.42759106
	 Variance score: 0.02
	 Mean squared error on test set: 2534.90
	 Bootstrap?:  True
	 Max depth:  11
	 Number of estimators:  22

Random Forest regression: 
	 Cross Validation mean squared errors:  2747.84042954, 2625.03799287, 2397.13120142, 2481.74481537, 2457.3366453
	 Variance score: 0.00
	 Mean squared error on test set: 2588.90
	 Bootstrap?:  True
	 Max depth:  11
	 Number of estimators:  23

Random Forest regression: 
	 Cross Validation mean squared errors:  2785.52255053, 2616.623977, 2399.20357768, 2459.43343572, 2503.29897464
	 Variance score: 0.00
	 Mean squared error on test set: 2596.42
	 Bootstrap?:  True
	 Max depth:  12
	 Number of estimators:  14

Random Forest regression: 
	 Cross Validation mean squared errors:  2762.49390203, 2609.14369195, 2441.12280004, 2459.02595519, 2549.38885279
	 Variance score: 0.01
	 Mean squared error on test set: 2573.26
	 Bootstrap?:  True
	 Max depth:  12
	 Number of estimators:  22

Random Forest regression: 
	 Cross Validation mean squared errors:  2740.23273437, 2770.25875633, 2453.91645321, 2494.63910927, 2591.74333493
	 Variance score: 0.00
	 Mean squared error on test set: 2596.84
	 Bootstrap?:  True
	 Max depth:  13
	 Number of estimators:  18

Random Forest regression: 
	 Cross Validation mean squared errors:  2721.79421665, 2709.82633429, 2362.73785132, 2496.04776674, 2594.25525083
	 Variance score: 0.00
	 Mean squared error on test set: 2587.92
	 Bootstrap?:  True
	 Max depth:  13
	 Number of estimators:  20

Random Forest regression: 
	 Cross Validation mean squared errors:  2500.00786507, 2563.98151848, 2336.76519101, 2290.93755326, 2423.40787118
	 Variance score: 0.04
	 Mean squared error on test set: 2485.64
	 Bootstrap?:  False
	 Max depth:  1
	 Number of estimators:  1

Random Forest regression: 
	 Cross Validation mean squared errors:  2500.00786507, 2563.98151848, 2336.76519101, 2290.93755326, 2423.40787118
	 Variance score: 0.04
	 Mean squared error on test set: 2485.64
	 Bootstrap?:  False
	 Max depth:  1
	 Number of estimators:  2

Random Forest regression: 
	 Cross Validation mean squared errors:  2500.00786507, 2563.98151848, 2336.76519101, 2290.93755326, 2423.40787118
	 Variance score: 0.04
	 Mean squared error on test set: 2485.64
	 Bootstrap?:  False
	 Max depth:  1
	 Number of estimators:  3

Random Forest regression: 
	 Cross Validation mean squared errors:  2500.00786507, 2563.98151848, 2336.76519101, 2290.93755326, 2423.40787118
	 Variance score: 0.04
	 Mean squared error on test set: 2485.64
	 Bootstrap?:  False
	 Max depth:  1
	 Number of estimators:  4

Random Forest regression: 
	 Cross Validation mean squared errors:  2500.00786507, 2563.98151848, 2336.76519101, 2290.93755326, 2423.40787118
	 Variance score: 0.04
	 Mean squared error on test set: 2485.64
	 Bootstrap?:  False
	 Max depth:  1
	 Number of estimators:  5

Random Forest regression: 
	 Cross Validation mean squared errors:  2500.00786507, 2563.98151848, 2336.76519101, 2290.93755326, 2423.40787118
	 Variance score: 0.04
	 Mean squared error on test set: 2485.64
	 Bootstrap?:  False
	 Max depth:  1
	 Number of estimators:  6

Random Forest regression: 
	 Cross Validation mean squared errors:  2500.00786507, 2563.98151848, 2336.76519101, 2290.93755326, 2423.40787118
	 Variance score: 0.04
	 Mean squared error on test set: 2485.64
	 Bootstrap?:  False
	 Max depth:  1
	 Number of estimators:  7

Random Forest regression: 
	 Cross Validation mean squared errors:  2500.00786507, 2563.98151848, 2336.76519101, 2290.93755326, 2423.40787118
	 Variance score: 0.04
	 Mean squared error on test set: 2485.64
	 Bootstrap?:  False
	 Max depth:  1
	 Number of estimators:  8

Random Forest regression: 
	 Cross Validation mean squared errors:  2500.00786507, 2563.98151848, 2336.76519101, 2290.93755326, 2423.40787118
	 Variance score: 0.04
	 Mean squared error on test set: 2485.64
	 Bootstrap?:  False
	 Max depth:  1
	 Number of estimators:  9

Random Forest regression: 
	 Cross Validation mean squared errors:  2500.00786507, 2563.98151848, 2336.76519101, 2290.93755326, 2423.40787118
	 Variance score: 0.04
	 Mean squared error on test set: 2485.64
	 Bootstrap?:  False
	 Max depth:  1
	 Number of estimators:  10

Random Forest regression: 
	 Cross Validation mean squared errors:  2500.00786507, 2563.98151848, 2336.76519101, 2290.93755326, 2423.40787118
	 Variance score: 0.04
	 Mean squared error on test set: 2485.64
	 Bootstrap?:  False
	 Max depth:  1
	 Number of estimators:  11

Random Forest regression: 
	 Cross Validation mean squared errors:  2500.00786507, 2563.98151848, 2336.76519101, 2290.93755326, 2423.40787118
	 Variance score: 0.04
	 Mean squared error on test set: 2485.64
	 Bootstrap?:  False
	 Max depth:  1
	 Number of estimators:  12

Random Forest regression: 
	 Cross Validation mean squared errors:  2500.00786507, 2563.98151848, 2336.76519101, 2290.93755326, 2423.40787118
	 Variance score: 0.04
	 Mean squared error on test set: 2485.64
	 Bootstrap?:  False
	 Max depth:  1
	 Number of estimators:  13

Random Forest regression: 
	 Cross Validation mean squared errors:  2500.00786507, 2563.98151848, 2336.76519101, 2290.93755326, 2423.40787118
	 Variance score: 0.04
	 Mean squared error on test set: 2485.64
	 Bootstrap?:  False
	 Max depth:  1
	 Number of estimators:  14

Random Forest regression: 
	 Cross Validation mean squared errors:  2500.00786507, 2563.98151848, 2336.76519101, 2290.93755326, 2423.40787118
	 Variance score: 0.04
	 Mean squared error on test set: 2485.64
	 Bootstrap?:  False
	 Max depth:  1
	 Number of estimators:  15

Random Forest regression: 
	 Cross Validation mean squared errors:  2500.00786507, 2563.98151848, 2336.76519101, 2290.93755326, 2423.40787118
	 Variance score: 0.04
	 Mean squared error on test set: 2485.64
	 Bootstrap?:  False
	 Max depth:  1
	 Number of estimators:  16

Random Forest regression: 
	 Cross Validation mean squared errors:  2500.00786507, 2563.98151848, 2336.76519101, 2290.93755326, 2423.40787118
	 Variance score: 0.04
	 Mean squared error on test set: 2485.64
	 Bootstrap?:  False
	 Max depth:  1
	 Number of estimators:  17

Random Forest regression: 
	 Cross Validation mean squared errors:  2500.00786507, 2563.98151848, 2336.76519101, 2290.93755326, 2423.40787118
	 Variance score: 0.04
	 Mean squared error on test set: 2485.64
	 Bootstrap?:  False
	 Max depth:  1
	 Number of estimators:  18

Random Forest regression: 
	 Cross Validation mean squared errors:  2500.00786507, 2563.98151848, 2336.76519101, 2290.93755326, 2423.40787118
	 Variance score: 0.04
	 Mean squared error on test set: 2485.64
	 Bootstrap?:  False
	 Max depth:  1
	 Number of estimators:  19

Random Forest regression: 
	 Cross Validation mean squared errors:  2500.00786507, 2563.98151848, 2336.76519101, 2290.93755326, 2423.40787118
	 Variance score: 0.04
	 Mean squared error on test set: 2485.64
	 Bootstrap?:  False
	 Max depth:  1
	 Number of estimators:  20

Random Forest regression: 
	 Cross Validation mean squared errors:  2500.00786507, 2563.98151848, 2336.76519101, 2290.93755326, 2423.40787118
	 Variance score: 0.04
	 Mean squared error on test set: 2485.64
	 Bootstrap?:  False
	 Max depth:  1
	 Number of estimators:  21

Random Forest regression: 
	 Cross Validation mean squared errors:  2500.00786507, 2563.98151848, 2336.76519101, 2290.93755326, 2423.40787118
	 Variance score: 0.04
	 Mean squared error on test set: 2485.64
	 Bootstrap?:  False
	 Max depth:  1
	 Number of estimators:  22

Random Forest regression: 
	 Cross Validation mean squared errors:  2500.00786507, 2563.98151848, 2336.76519101, 2290.93755326, 2423.40787118
	 Variance score: 0.04
	 Mean squared error on test set: 2485.64
	 Bootstrap?:  False
	 Max depth:  1
	 Number of estimators:  23

Random Forest regression: 
	 Cross Validation mean squared errors:  2492.39860532, 2507.42950719, 2250.21237856, 2241.47279467, 2416.60132414
	 Variance score: 0.06
	 Mean squared error on test set: 2456.07
	 Bootstrap?:  False
	 Max depth:  2
	 Number of estimators:  1

Random Forest regression: 
	 Cross Validation mean squared errors:  2492.39860532, 2507.42950719, 2250.21237856, 2241.47279467, 2416.60132414
	 Variance score: 0.06
	 Mean squared error on test set: 2456.07
	 Bootstrap?:  False
	 Max depth:  2
	 Number of estimators:  2

Random Forest regression: 
	 Cross Validation mean squared errors:  2492.39860532, 2507.42950719, 2250.21237856, 2241.47279467, 2416.60132414
	 Variance score: 0.06
	 Mean squared error on test set: 2456.07
	 Bootstrap?:  False
	 Max depth:  2
	 Number of estimators:  3

Random Forest regression: 
	 Cross Validation mean squared errors:  2492.39860532, 2507.42950719, 2250.21237856, 2241.47279467, 2416.60132414
	 Variance score: 0.06
	 Mean squared error on test set: 2456.07
	 Bootstrap?:  False
	 Max depth:  2
	 Number of estimators:  4

Random Forest regression: 
	 Cross Validation mean squared errors:  2492.39860532, 2507.42950719, 2250.21237856, 2241.47279467, 2416.60132414
	 Variance score: 0.06
	 Mean squared error on test set: 2456.07
	 Bootstrap?:  False
	 Max depth:  2
	 Number of estimators:  5

Random Forest regression: 
	 Cross Validation mean squared errors:  2492.39860532, 2507.42950719, 2250.21237856, 2241.47279467, 2416.60132414
	 Variance score: 0.06
	 Mean squared error on test set: 2456.07
	 Bootstrap?:  False
	 Max depth:  2
	 Number of estimators:  6

Random Forest regression: 
	 Cross Validation mean squared errors:  2492.39860532, 2507.42950719, 2250.21237856, 2241.47279467, 2416.60132414
	 Variance score: 0.06
	 Mean squared error on test set: 2456.07
	 Bootstrap?:  False
	 Max depth:  2
	 Number of estimators:  7

Random Forest regression: 
	 Cross Validation mean squared errors:  2492.39860532, 2507.42950719, 2250.21237856, 2241.47279467, 2416.60132414
	 Variance score: 0.06
	 Mean squared error on test set: 2456.07
	 Bootstrap?:  False
	 Max depth:  2
	 Number of estimators:  8

Random Forest regression: 
	 Cross Validation mean squared errors:  2492.39860532, 2507.42950719, 2250.21237856, 2241.47279467, 2416.60132414
	 Variance score: 0.06
	 Mean squared error on test set: 2456.07
	 Bootstrap?:  False
	 Max depth:  2
	 Number of estimators:  9

Random Forest regression: 
	 Cross Validation mean squared errors:  2492.39860532, 2507.42950719, 2250.21237856, 2241.47279467, 2416.60132414
	 Variance score: 0.06
	 Mean squared error on test set: 2456.07
	 Bootstrap?:  False
	 Max depth:  2
	 Number of estimators:  10

Random Forest regression: 
	 Cross Validation mean squared errors:  2492.39860532, 2507.42950719, 2250.21237856, 2241.47279467, 2416.60132414
	 Variance score: 0.06
	 Mean squared error on test set: 2456.07
	 Bootstrap?:  False
	 Max depth:  2
	 Number of estimators:  11

Random Forest regression: 
	 Cross Validation mean squared errors:  2492.39860532, 2507.42950719, 2250.21237856, 2241.47279467, 2416.60132414
	 Variance score: 0.06
	 Mean squared error on test set: 2456.07
	 Bootstrap?:  False
	 Max depth:  2
	 Number of estimators:  12

Random Forest regression: 
	 Cross Validation mean squared errors:  2492.39860532, 2507.42950719, 2250.21237856, 2241.47279467, 2416.60132414
	 Variance score: 0.06
	 Mean squared error on test set: 2456.07
	 Bootstrap?:  False
	 Max depth:  2
	 Number of estimators:  13

Random Forest regression: 
	 Cross Validation mean squared errors:  2492.39860532, 2507.42950719, 2250.21237856, 2241.47279467, 2416.60132414
	 Variance score: 0.06
	 Mean squared error on test set: 2456.07
	 Bootstrap?:  False
	 Max depth:  2
	 Number of estimators:  14

Random Forest regression: 
	 Cross Validation mean squared errors:  2492.39860532, 2507.42950719, 2250.21237856, 2241.47279467, 2416.60132414
	 Variance score: 0.06
	 Mean squared error on test set: 2456.07
	 Bootstrap?:  False
	 Max depth:  2
	 Number of estimators:  15

Random Forest regression: 
	 Cross Validation mean squared errors:  2492.39860532, 2507.42950719, 2250.21237856, 2241.47279467, 2416.60132414
	 Variance score: 0.06
	 Mean squared error on test set: 2456.07
	 Bootstrap?:  False
	 Max depth:  2
	 Number of estimators:  16

Random Forest regression: 
	 Cross Validation mean squared errors:  2492.39860532, 2507.42950719, 2250.21237856, 2241.47279467, 2416.60132414
	 Variance score: 0.06
	 Mean squared error on test set: 2456.07
	 Bootstrap?:  False
	 Max depth:  2
	 Number of estimators:  17

Random Forest regression: 
	 Cross Validation mean squared errors:  2492.39860532, 2507.42950719, 2250.21237856, 2241.47279467, 2416.60132414
	 Variance score: 0.06
	 Mean squared error on test set: 2456.07
	 Bootstrap?:  False
	 Max depth:  2
	 Number of estimators:  18

Random Forest regression: 
	 Cross Validation mean squared errors:  2492.39860532, 2507.42950719, 2250.21237856, 2241.47279467, 2416.60132414
	 Variance score: 0.06
	 Mean squared error on test set: 2456.07
	 Bootstrap?:  False
	 Max depth:  2
	 Number of estimators:  19

Random Forest regression: 
	 Cross Validation mean squared errors:  2492.39860532, 2507.42950719, 2250.21237856, 2241.47279467, 2416.60132414
	 Variance score: 0.06
	 Mean squared error on test set: 2456.07
	 Bootstrap?:  False
	 Max depth:  2
	 Number of estimators:  20

Random Forest regression: 
	 Cross Validation mean squared errors:  2492.39860532, 2507.42950719, 2250.21237856, 2241.47279467, 2416.60132414
	 Variance score: 0.06
	 Mean squared error on test set: 2456.07
	 Bootstrap?:  False
	 Max depth:  2
	 Number of estimators:  21

Random Forest regression: 
	 Cross Validation mean squared errors:  2492.39860532, 2507.42950719, 2250.21237856, 2241.47279467, 2416.60132414
	 Variance score: 0.06
	 Mean squared error on test set: 2456.07
	 Bootstrap?:  False
	 Max depth:  2
	 Number of estimators:  22

Random Forest regression: 
	 Cross Validation mean squared errors:  2492.39860532, 2507.42950719, 2250.21237856, 2241.47279467, 2416.60132414
	 Variance score: 0.06
	 Mean squared error on test set: 2456.07
	 Bootstrap?:  False
	 Max depth:  2
	 Number of estimators:  23

Random Forest regression: 
	 Cross Validation mean squared errors:  2515.00889073, 2534.80825194, 2400.59146768, 2458.28439051, 2370.88208585
	 Variance score: 0.05
	 Mean squared error on test set: 2465.13
	 Bootstrap?:  False
	 Max depth:  3
	 Number of estimators:  1

Random Forest regression: 
	 Cross Validation mean squared errors:  2515.00889073, 2534.80825194, 2400.59146768, 2458.28439051, 2370.88208585
	 Variance score: 0.05
	 Mean squared error on test set: 2465.13
	 Bootstrap?:  False
	 Max depth:  3
	 Number of estimators:  2

Random Forest regression: 
	 Cross Validation mean squared errors:  2515.00889073, 2534.80825194, 2400.59146768, 2458.28439051, 2370.88208585
	 Variance score: 0.05
	 Mean squared error on test set: 2465.13
	 Bootstrap?:  False
	 Max depth:  3
	 Number of estimators:  3

Random Forest regression: 
	 Cross Validation mean squared errors:  2515.00889073, 2534.80825194, 2400.59146768, 2458.28439051, 2370.88208585
	 Variance score: 0.05
	 Mean squared error on test set: 2465.13
	 Bootstrap?:  False
	 Max depth:  3
	 Number of estimators:  4

Random Forest regression: 
	 Cross Validation mean squared errors:  2515.00889073, 2534.80825194, 2400.59146768, 2458.28439051, 2370.88208585
	 Variance score: 0.05
	 Mean squared error on test set: 2465.13
	 Bootstrap?:  False
	 Max depth:  3
	 Number of estimators:  5

Random Forest regression: 
	 Cross Validation mean squared errors:  2515.00889073, 2534.80825194, 2400.59146768, 2458.28439051, 2370.88208585
	 Variance score: 0.05
	 Mean squared error on test set: 2465.13
	 Bootstrap?:  False
	 Max depth:  3
	 Number of estimators:  6

Random Forest regression: 
	 Cross Validation mean squared errors:  2515.00889073, 2534.80825194, 2400.59146768, 2458.28439051, 2370.88208585
	 Variance score: 0.05
	 Mean squared error on test set: 2465.13
	 Bootstrap?:  False
	 Max depth:  3
	 Number of estimators:  7

Random Forest regression: 
	 Cross Validation mean squared errors:  2515.00889073, 2534.80825194, 2400.59146768, 2458.28439051, 2370.88208585
	 Variance score: 0.05
	 Mean squared error on test set: 2465.13
	 Bootstrap?:  False
	 Max depth:  3
	 Number of estimators:  8

Random Forest regression: 
	 Cross Validation mean squared errors:  2515.00889073, 2534.80825194, 2400.59146768, 2458.28439051, 2370.88208585
	 Variance score: 0.05
	 Mean squared error on test set: 2465.13
	 Bootstrap?:  False
	 Max depth:  3
	 Number of estimators:  9

Random Forest regression: 
	 Cross Validation mean squared errors:  2515.00889073, 2534.80825194, 2400.59146768, 2458.28439051, 2370.88208585
	 Variance score: 0.05
	 Mean squared error on test set: 2465.13
	 Bootstrap?:  False
	 Max depth:  3
	 Number of estimators:  10

Random Forest regression: 
	 Cross Validation mean squared errors:  2515.00889073, 2534.80825194, 2400.59146768, 2458.28439051, 2370.88208585
	 Variance score: 0.05
	 Mean squared error on test set: 2465.13
	 Bootstrap?:  False
	 Max depth:  3
	 Number of estimators:  11

Random Forest regression: 
	 Cross Validation mean squared errors:  2515.00889073, 2534.80825194, 2400.59146768, 2458.28439051, 2370.88208585
	 Variance score: 0.05
	 Mean squared error on test set: 2465.13
	 Bootstrap?:  False
	 Max depth:  3
	 Number of estimators:  12

Random Forest regression: 
	 Cross Validation mean squared errors:  2515.00889073, 2534.80825194, 2400.59146768, 2458.28439051, 2370.88208585
	 Variance score: 0.05
	 Mean squared error on test set: 2465.13
	 Bootstrap?:  False
	 Max depth:  3
	 Number of estimators:  13

Random Forest regression: 
	 Cross Validation mean squared errors:  2515.00889073, 2534.80825194, 2400.59146768, 2458.28439051, 2370.88208585
	 Variance score: 0.05
	 Mean squared error on test set: 2465.13
	 Bootstrap?:  False
	 Max depth:  3
	 Number of estimators:  14

Random Forest regression: 
	 Cross Validation mean squared errors:  2515.00889073, 2534.80825194, 2400.59146768, 2458.28439051, 2370.88208585
	 Variance score: 0.05
	 Mean squared error on test set: 2465.13
	 Bootstrap?:  False
	 Max depth:  3
	 Number of estimators:  15

Random Forest regression: 
	 Cross Validation mean squared errors:  2515.00889073, 2534.80825194, 2400.59146768, 2458.28439051, 2370.88208585
	 Variance score: 0.05
	 Mean squared error on test set: 2465.13
	 Bootstrap?:  False
	 Max depth:  3
	 Number of estimators:  16

Random Forest regression: 
	 Cross Validation mean squared errors:  2515.00889073, 2534.80825194, 2400.59146768, 2458.28439051, 2370.88208585
	 Variance score: 0.05
	 Mean squared error on test set: 2465.13
	 Bootstrap?:  False
	 Max depth:  3
	 Number of estimators:  17

Random Forest regression: 
	 Cross Validation mean squared errors:  2515.00889073, 2534.80825194, 2400.59146768, 2458.28439051, 2370.88208585
	 Variance score: 0.05
	 Mean squared error on test set: 2465.13
	 Bootstrap?:  False
	 Max depth:  3
	 Number of estimators:  18

Random Forest regression: 
	 Cross Validation mean squared errors:  2515.00889073, 2534.80825194, 2400.59146768, 2458.28439051, 2370.88208585
	 Variance score: 0.05
	 Mean squared error on test set: 2465.13
	 Bootstrap?:  False
	 Max depth:  3
	 Number of estimators:  19

Random Forest regression: 
	 Cross Validation mean squared errors:  2515.00889073, 2534.80825194, 2400.59146768, 2458.28439051, 2370.88208585
	 Variance score: 0.05
	 Mean squared error on test set: 2465.13
	 Bootstrap?:  False
	 Max depth:  3
	 Number of estimators:  20

Random Forest regression: 
	 Cross Validation mean squared errors:  2515.00889073, 2534.80825194, 2400.59146768, 2458.28439051, 2370.88208585
	 Variance score: 0.05
	 Mean squared error on test set: 2465.13
	 Bootstrap?:  False
	 Max depth:  3
	 Number of estimators:  21

Random Forest regression: 
	 Cross Validation mean squared errors:  2515.00889073, 2534.80825194, 2400.59146768, 2458.28439051, 2370.88208585
	 Variance score: 0.05
	 Mean squared error on test set: 2465.13
	 Bootstrap?:  False
	 Max depth:  3
	 Number of estimators:  22

Random Forest regression: 
	 Cross Validation mean squared errors:  2515.00889073, 2534.80825194, 2400.59146768, 2458.28439051, 2370.88208585
	 Variance score: 0.05
	 Mean squared error on test set: 2465.13
	 Bootstrap?:  False
	 Max depth:  3
	 Number of estimators:  23

Random Forest regression: 
	 Cross Validation mean squared errors:  2503.4527105, 2493.12405307, 2499.06931004, 2539.2664065, 2341.27781951
	 Variance score: 0.05
	 Mean squared error on test set: 2469.69
	 Bootstrap?:  False
	 Max depth:  4
	 Number of estimators:  1

Random Forest regression: 
	 Cross Validation mean squared errors:  2503.4527105, 2481.46576161, 2499.06931004, 2539.2664065, 2341.27781951
	 Variance score: 0.05
	 Mean squared error on test set: 2469.69
	 Bootstrap?:  False
	 Max depth:  4
	 Number of estimators:  2

Random Forest regression: 
	 Cross Validation mean squared errors:  2503.4527105, 2477.87744968, 2499.06931004, 2485.95819879, 2341.27781951
	 Variance score: 0.05
	 Mean squared error on test set: 2469.69
	 Bootstrap?:  False
	 Max depth:  4
	 Number of estimators:  3

Random Forest regression: 
	 Cross Validation mean squared errors:  2503.4527105, 2481.46576161, 2499.06931004, 2508.83298941, 2341.27781951
	 Variance score: 0.05
	 Mean squared error on test set: 2469.69
	 Bootstrap?:  False
	 Max depth:  4
	 Number of estimators:  4

Random Forest regression: 
	 Cross Validation mean squared errors:  2503.4527105, 2483.69021723, 2499.06931004, 2514.31498271, 2341.27781951
	 Variance score: 0.05
	 Mean squared error on test set: 2469.69
	 Bootstrap?:  False
	 Max depth:  4
	 Number of estimators:  5

Random Forest regression: 
	 Cross Validation mean squared errors:  2503.4527105, 2481.46576161, 2499.06931004, 2539.2664065, 2341.27781951
	 Variance score: 0.05
	 Mean squared error on test set: 2469.69
	 Bootstrap?:  False
	 Max depth:  4
	 Number of estimators:  6

Random Forest regression: 
	 Cross Validation mean squared errors:  2503.4527105, 2483.04918896, 2499.06931004, 2529.79985606, 2341.27781951
	 Variance score: 0.05
	 Mean squared error on test set: 2469.69
	 Bootstrap?:  False
	 Max depth:  4
	 Number of estimators:  7

Random Forest regression: 
	 Cross Validation mean squared errors:  2503.4527105, 2481.46576161, 2499.06931004, 2530.94943099, 2341.27781951
	 Variance score: 0.05
	 Mean squared error on test set: 2469.69
	 Bootstrap?:  False
	 Max depth:  4
	 Number of estimators:  8

Random Forest regression: 
	 Cross Validation mean squared errors:  2503.4527105, 2475.56795985, 2499.06931004, 2539.2664065, 2341.27781951
	 Variance score: 0.05
	 Mean squared error on test set: 2469.69
	 Bootstrap?:  False
	 Max depth:  4
	 Number of estimators:  9

Random Forest regression: 
	 Cross Validation mean squared errors:  2503.4527105, 2483.69021723, 2499.06931004, 2526.18600449, 2341.27781951
	 Variance score: 0.05
	 Mean squared error on test set: 2469.69
	 Bootstrap?:  False
	 Max depth:  4
	 Number of estimators:  10

Random Forest regression: 
	 Cross Validation mean squared errors:  2503.4527105, 2476.60952451, 2499.06931004, 2521.729341, 2341.27781951
	 Variance score: 0.05
	 Mean squared error on test set: 2469.69
	 Bootstrap?:  False
	 Max depth:  4
	 Number of estimators:  11

Random Forest regression: 
	 Cross Validation mean squared errors:  2503.4527105, 2477.87744968, 2499.06931004, 2528.28208675, 2341.27781951
	 Variance score: 0.05
	 Mean squared error on test set: 2469.69
	 Bootstrap?:  False
	 Max depth:  4
	 Number of estimators:  12

Random Forest regression: 
	 Cross Validation mean squared errors:  2503.4527105, 2480.62447431, 2499.06931004, 2524.28097639, 2341.27781951
	 Variance score: 0.05
	 Mean squared error on test set: 2469.69
	 Bootstrap?:  False
	 Max depth:  4
	 Number of estimators:  13

Random Forest regression: 
	 Cross Validation mean squared errors:  2503.4527105, 2479.9096819, 2499.06931004, 2520.95033635, 2341.27781951
	 Variance score: 0.05
	 Mean squared error on test set: 2469.69
	 Bootstrap?:  False
	 Max depth:  4
	 Number of estimators:  14

Random Forest regression: 
	 Cross Validation mean squared errors:  2503.4527105, 2479.29490734, 2499.06931004, 2518.13761439, 2341.27781951
	 Variance score: 0.05
	 Mean squared error on test set: 2469.69
	 Bootstrap?:  False
	 Max depth:  4
	 Number of estimators:  15

Random Forest regression: 
	 Cross Validation mean squared errors:  2503.4527105, 2484.25470634, 2499.06931004, 2530.94943099, 2341.27781951
	 Variance score: 0.05
	 Mean squared error on test set: 2469.69
	 Bootstrap?:  False
	 Max depth:  4
	 Number of estimators:  16

Random Forest regression: 
	 Cross Validation mean squared errors:  2503.4527105, 2480.82171091, 2499.06931004, 2524.00323945, 2341.27781951
	 Variance score: 0.05
	 Mean squared error on test set: 2469.69
	 Bootstrap?:  False
	 Max depth:  4
	 Number of estimators:  17

Random Forest regression: 
	 Cross Validation mean squared errors:  2503.4527105, 2486.48178825, 2499.06931004, 2531.85021029, 2341.27781951
	 Variance score: 0.05
	 Mean squared error on test set: 2469.69
	 Bootstrap?:  False
	 Max depth:  4
	 Number of estimators:  18

Random Forest regression: 
	 Cross Validation mean squared errors:  2503.4527105, 2479.74747489, 2499.06931004, 2525.53106311, 2341.27781951
	 Variance score: 0.05
	 Mean squared error on test set: 2469.69
	 Bootstrap?:  False
	 Max depth:  4
	 Number of estimators:  19

Random Forest regression: 
	 Cross Validation mean squared errors:  2503.4527105, 2482.57128925, 2499.06931004, 2529.34272559, 2341.27781951
	 Variance score: 0.05
	 Mean squared error on test set: 2469.69
	 Bootstrap?:  False
	 Max depth:  4
	 Number of estimators:  20

Random Forest regression: 
	 Cross Validation mean squared errors:  2503.4527105, 2485.20296616, 2499.06931004, 2523.83161728, 2341.27781951
	 Variance score: 0.05
	 Mean squared error on test set: 2469.69
	 Bootstrap?:  False
	 Max depth:  4
	 Number of estimators:  21

Random Forest regression: 
	 Cross Validation mean squared errors:  2503.4527105, 2485.55009513, 2499.06931004, 2516.3833964, 2341.27781951
	 Variance score: 0.05
	 Mean squared error on test set: 2469.69
	 Bootstrap?:  False
	 Max depth:  4
	 Number of estimators:  22

Random Forest regression: 
	 Cross Validation mean squared errors:  2503.4527105, 2480.04390754, 2499.06931004, 2519.84154115, 2341.27781951
	 Variance score: 0.05
	 Mean squared error on test set: 2469.69
	 Bootstrap?:  False
	 Max depth:  4
	 Number of estimators:  23

Random Forest regression: 
	 Cross Validation mean squared errors:  2945.89994145, 2463.89671811, 2492.57449302, 2640.31390808, 2344.52432762
	 Variance score: 0.02
	 Mean squared error on test set: 2545.95
	 Bootstrap?:  False
	 Max depth:  5
	 Number of estimators:  1

Random Forest regression: 
	 Cross Validation mean squared errors:  2945.89994145, 2485.87326752, 2492.57449302, 2607.62714091, 2344.52432762
	 Variance score: 0.02
	 Mean squared error on test set: 2545.95
	 Bootstrap?:  False
	 Max depth:  5
	 Number of estimators:  2

Random Forest regression: 
	 Cross Validation mean squared errors:  2945.89994145, 2470.62666414, 2480.54676178, 2628.5149131, 2344.52432762
	 Variance score: 0.02
	 Mean squared error on test set: 2545.95
	 Bootstrap?:  False
	 Max depth:  5
	 Number of estimators:  3

Random Forest regression: 
	 Cross Validation mean squared errors:  2945.89994145, 2468.8883429, 2483.47660777, 2621.43157977, 2344.52432762
	 Variance score: 0.02
	 Mean squared error on test set: 2545.95
	 Bootstrap?:  False
	 Max depth:  5
	 Number of estimators:  4

Random Forest regression: 
	 Cross Validation mean squared errors:  2945.89994145, 2472.0441218, 2492.57449302, 2607.30774392, 2344.52432762
	 Variance score: 0.02
	 Mean squared error on test set: 2545.95
	 Bootstrap?:  False
	 Max depth:  5
	 Number of estimators:  5

Random Forest regression: 
	 Cross Validation mean squared errors:  2945.89994145, 2474.21497607, 2480.54676178, 2604.42255315, 2344.52432762
	 Variance score: 0.02
	 Mean squared error on test set: 2545.95
	 Bootstrap?:  False
	 Max depth:  5
	 Number of estimators:  6

Random Forest regression: 
	 Cross Validation mean squared errors:  2945.89994145, 2475.79840341, 2482.21466668, 2658.72514795, 2344.52432762
	 Variance score: 0.02
	 Mean squared error on test set: 2545.95
	 Bootstrap?:  False
	 Max depth:  5
	 Number of estimators:  7

Random Forest regression: 
	 Cross Validation mean squared errors:  2945.89994145, 2477.00392079, 2479.10111049, 2592.50310929, 2344.52432762
	 Variance score: 0.02
	 Mean squared error on test set: 2545.95
	 Bootstrap?:  False
	 Max depth:  5
	 Number of estimators:  8

Random Forest regression: 
	 Cross Validation mean squared errors:  2945.89994145, 2473.00232847, 2488.47388711, 2641.97885834, 2344.52432762
	 Variance score: 0.02
	 Mean squared error on test set: 2545.95
	 Bootstrap?:  False
	 Max depth:  5
	 Number of estimators:  9

Random Forest regression: 
	 Cross Validation mean squared errors:  2945.89994145, 2472.0441218, 2478.23988666, 2602.36632014, 2344.52432762
	 Variance score: 0.02
	 Mean squared error on test set: 2545.95
	 Bootstrap?:  False
	 Max depth:  5
	 Number of estimators:  10

Random Forest regression: 
	 Cross Validation mean squared errors:  2945.89994145, 2471.26800983, 2479.49410486, 2618.86037318, 2344.52432762
	 Variance score: 0.02
	 Mean squared error on test set: 2545.95
	 Bootstrap?:  False
	 Max depth:  5
	 Number of estimators:  11

Random Forest regression: 
	 Cross Validation mean squared errors:  2945.89994145, 2477.95218061, 2483.47660777, 2609.8097321, 2344.52432762
	 Variance score: 0.02
	 Mean squared error on test set: 2545.95
	 Bootstrap?:  False
	 Max depth:  5
	 Number of estimators:  12

Random Forest regression: 
	 Cross Validation mean squared errors:  2945.89994145, 2475.06419256, 2486.9210582, 2619.79233572, 2344.52432762
	 Variance score: 0.02
	 Mean squared error on test set: 2545.95
	 Bootstrap?:  False
	 Max depth:  5
	 Number of estimators:  13

Random Forest regression: 
	 Cross Validation mean squared errors:  2945.89994145, 2477.40917837, 2484.74798805, 2604.78051834, 2344.52432762
	 Variance score: 0.02
	 Mean squared error on test set: 2545.95
	 Bootstrap?:  False
	 Max depth:  5
	 Number of estimators:  14

Random Forest regression: 
	 Cross Validation mean squared errors:  2945.89994145, 2474.95050557, 2485.25918314, 2607.83823341, 2344.52432762
	 Variance score: 0.02
	 Mean squared error on test set: 2545.95
	 Bootstrap?:  False
	 Max depth:  5
	 Number of estimators:  15

Random Forest regression: 
	 Cross Validation mean squared errors:  2945.89994145, 2479.87661761, 2481.27440535, 2609.582556, 2344.52432762
	 Variance score: 0.02
	 Mean squared error on test set: 2545.95
	 Bootstrap?:  False
	 Max depth:  5
	 Number of estimators:  16

Random Forest regression: 
	 Cross Validation mean squared errors:  2945.89994145, 2469.80399382, 2475.83316238, 2628.2003356, 2344.52432762
	 Variance score: 0.02
	 Mean squared error on test set: 2545.95
	 Bootstrap?:  False
	 Max depth:  5
	 Number of estimators:  17

Random Forest regression: 
	 Cross Validation mean squared errors:  2945.89994145, 2471.80622449, 2484.46464336, 2631.65660924, 2344.52432762
	 Variance score: 0.02
	 Mean squared error on test set: 2545.95
	 Bootstrap?:  False
	 Max depth:  5
	 Number of estimators:  18

Random Forest regression: 
	 Cross Validation mean squared errors:  2945.89994145, 2472.49668934, 2483.01058391, 2612.91571675, 2344.52432762
	 Variance score: 0.02
	 Mean squared error on test set: 2545.95
	 Bootstrap?:  False
	 Max depth:  5
	 Number of estimators:  19

Random Forest regression: 
	 Cross Validation mean squared errors:  2945.89994145, 2475.32050371, 2487.06025936, 2621.24290305, 2344.52432762
	 Variance score: 0.02
	 Mean squared error on test set: 2545.95
	 Bootstrap?:  False
	 Max depth:  5
	 Number of estimators:  20

Random Forest regression: 
	 Cross Validation mean squared errors:  2945.89994145, 2472.65889635, 2480.54676178, 2614.02234824, 2344.52432762
	 Variance score: 0.02
	 Mean squared error on test set: 2545.95
	 Bootstrap?:  False
	 Max depth:  5
	 Number of estimators:  21

Random Forest regression: 
	 Cross Validation mean squared errors:  2945.89994145, 2477.26161422, 2481.07563856, 2600.10945952, 2344.52432762
	 Variance score: 0.02
	 Mean squared error on test set: 2545.95
	 Bootstrap?:  False
	 Max depth:  5
	 Number of estimators:  22

Random Forest regression: 
	 Cross Validation mean squared errors:  2945.89994145, 2475.65962844, 2486.19656685, 2613.31424055, 2344.52432762
	 Variance score: 0.02
	 Mean squared error on test set: 2545.95
	 Bootstrap?:  False
	 Max depth:  5
	 Number of estimators:  23

Random Forest regression: 
	 Cross Validation mean squared errors:  3354.38223695, 2638.84290057, 2636.40496386, 2564.80924742, 2512.80446147
	 Variance score: 0.01
	 Mean squared error on test set: 2579.02
	 Bootstrap?:  False
	 Max depth:  6
	 Number of estimators:  1

Random Forest regression: 
	 Cross Validation mean squared errors:  3347.2683341, 2627.18460911, 2618.67171428, 2613.46874281, 2512.80446147
	 Variance score: 0.01
	 Mean squared error on test set: 2579.02
	 Bootstrap?:  False
	 Max depth:  6
	 Number of estimators:  2

Random Forest regression: 
	 Cross Validation mean squared errors:  3343.37386174, 2630.92181365, 2636.40496386, 2556.87510913, 2512.80446147
	 Variance score: 0.01
	 Mean squared error on test set: 2579.02
	 Bootstrap?:  False
	 Max depth:  6
	 Number of estimators:  3

Random Forest regression: 
	 Cross Validation mean squared errors:  3283.1268475, 2627.18460911, 2636.40496386, 2692.93941649, 2512.80446147
	 Variance score: 0.01
	 Mean squared error on test set: 2579.02
	 Bootstrap?:  False
	 Max depth:  6
	 Number of estimators:  4

Random Forest regression: 
	 Cross Validation mean squared errors:  3253.57181685, 2625.01375484, 2622.0703575, 2626.36913017, 2512.80446147
	 Variance score: 0.01
	 Mean squared error on test set: 2579.02
	 Bootstrap?:  False
	 Max depth:  6
	 Number of estimators:  5

Random Forest regression: 
	 Cross Validation mean squared errors:  3284.54995889, 2623.59629718, 2630.28831581, 2692.24097201, 2512.80446147
	 Variance score: 0.01
	 Mean squared error on test set: 2579.02
	 Bootstrap?:  False
	 Max depth:  6
	 Number of estimators:  6

Random Forest regression: 
	 Cross Validation mean squared errors:  3322.16637259, 2632.016934, 2621.09176522, 2639.50353518, 2512.80446147
	 Variance score: 0.01
	 Mean squared error on test set: 2579.02
	 Bootstrap?:  False
	 Max depth:  6
	 Number of estimators:  7

Random Forest regression: 
	 Cross Validation mean squared errors:  3263.7064748, 2629.97355383, 2631.79820611, 2662.85764043, 2512.80446147
	 Variance score: 0.01
	 Mean squared error on test set: 2579.02
	 Bootstrap?:  False
	 Max depth:  6
	 Number of estimators:  8

Random Forest regression: 
	 Cross Validation mean squared errors:  3293.76346986, 2619.043492, 2632.30435795, 2624.32363779, 2512.80446147
	 Variance score: 0.01
	 Mean squared error on test set: 2579.02
	 Bootstrap?:  False
	 Max depth:  6
	 Number of estimators:  9

Random Forest regression: 
	 Cross Validation mean squared errors:  3286.8228748, 2627.18460911, 2615.34707441, 2620.07632028, 2512.80446147
	 Variance score: 0.01
	 Mean squared error on test set: 2579.02
	 Bootstrap?:  False
	 Max depth:  6
	 Number of estimators:  10

Random Forest regression: 
	 Cross Validation mean squared errors:  3311.99193392, 2628.1890805, 2626.50293305, 2734.02782135, 2512.80446147
	 Variance score: 0.01
	 Mean squared error on test set: 2579.02
	 Bootstrap?:  False
	 Max depth:  6
	 Number of estimators:  11

Random Forest regression: 
	 Cross Validation mean squared errors:  3246.80564473, 2623.59629718, 2624.37723261, 2675.60971678, 2512.80446147
	 Variance score: 0.01
	 Mean squared error on test set: 2579.02
	 Bootstrap?:  False
	 Max depth:  6
	 Number of estimators:  12

Random Forest regression: 
	 Cross Validation mean squared errors:  3294.72324653, 2626.3433218, 2622.59979403, 2625.14141244, 2512.80446147
	 Variance score: 0.01
	 Mean squared error on test set: 2579.02
	 Bootstrap?:  False
	 Max depth:  6
	 Number of estimators:  13

Random Forest regression: 
	 Cross Validation mean squared errors:  3261.06926665, 2628.76803645, 2626.04513752, 2687.66900753, 2512.80446147
	 Variance score: 0.01
	 Mean squared error on test set: 2579.02
	 Bootstrap?:  False
	 Max depth:  6
	 Number of estimators:  14

Random Forest regression: 
	 Cross Validation mean squared errors:  3254.73949226, 2634.01877996, 2629.08965398, 2633.42768219, 2512.80446147
	 Variance score: 0.01
	 Mean squared error on test set: 2579.02
	 Bootstrap?:  False
	 Max depth:  6
	 Number of estimators:  15

Random Forest regression: 
	 Cross Validation mean squared errors:  3260.0350785, 2634.31400609, 2627.3070786, 2677.99894918, 2512.80446147
	 Variance score: 0.01
	 Mean squared error on test set: 2579.02
	 Bootstrap?:  False
	 Max depth:  6
	 Number of estimators:  16

Random Forest regression: 
	 Cross Validation mean squared errors:  3257.88108227, 2624.01072353, 2625.74958199, 2645.36289223, 2512.80446147
	 Variance score: 0.01
	 Mean squared error on test set: 2579.02
	 Bootstrap?:  False
	 Max depth:  6
	 Number of estimators:  17

Random Forest regression: 
	 Cross Validation mean squared errors:  3301.68859446, 2624.77585753, 2626.32475314, 2627.91724949, 2512.80446147
	 Variance score: 0.01
	 Mean squared error on test set: 2579.02
	 Bootstrap?:  False
	 Max depth:  6
	 Number of estimators:  18

Random Forest regression: 
	 Cross Validation mean squared errors:  3279.19739176, 2625.46632238, 2630.60511977, 2641.40175752, 2512.80446147
	 Variance score: 0.01
	 Mean squared error on test set: 2579.02
	 Bootstrap?:  False
	 Max depth:  6
	 Number of estimators:  19

Random Forest regression: 
	 Cross Validation mean squared errors:  3287.80849038, 2623.9484282, 2629.08965398, 2687.80327328, 2512.80446147
	 Variance score: 0.01
	 Mean squared error on test set: 2579.02
	 Bootstrap?:  False
	 Max depth:  6
	 Number of estimators:  20

Random Forest regression: 
	 Cross Validation mean squared errors:  3294.0553376, 2627.7093796, 2622.72610851, 2670.1025426, 2512.80446147
	 Variance score: 0.01
	 Mean squared error on test set: 2579.02
	 Bootstrap?:  False
	 Max depth:  6
	 Number of estimators:  21

Random Forest regression: 
	 Cross Validation mean squared errors:  3278.68088335, 2629.20462655, 2628.11504664, 2630.07069671, 2512.80446147
	 Variance score: 0.01
	 Mean squared error on test set: 2579.02
	 Bootstrap?:  False
	 Max depth:  6
	 Number of estimators:  22

Random Forest regression: 
	 Cross Validation mean squared errors:  3287.99281688, 2625.76275504, 2631.60053529, 2646.69508809, 2512.80446147
	 Variance score: 0.01
	 Mean squared error on test set: 2579.02
	 Bootstrap?:  False
	 Max depth:  6
	 Number of estimators:  23

704.768187046
